{"$message_type":"diagnostic","message":"failed to decode base58 string","code":null,"level":"error","spans":[{"file_name":"src/lib.rs","byte_start":227,"byte_end":274,"line_start":7,"line_end":7,"column_start":13,"column_end":60,"is_primary":true,"text":[{"text":"declare_id!(\"BattLeSoLGaMeSmArTcOnTrAcTsPrOvAbLyFaIr111111\");","highlight_start":13,"highlight_end":60}],"label":null,"suggested_replacement":null,"suggestion_applicability":null,"expansion":null}],"children":[],"rendered":"\u001b[0m\u001b[1m\u001b[38;5;9merror\u001b[0m\u001b[0m\u001b[1m: failed to decode base58 string\u001b[0m\n\u001b[0m \u001b[0m\u001b[0m\u001b[1m\u001b[38;5;12m--> \u001b[0m\u001b[0msrc/lib.rs:7:13\u001b[0m\n\u001b[0m  \u001b[0m\u001b[0m\u001b[1m\u001b[38;5;12m|\u001b[0m\n\u001b[0m\u001b[1m\u001b[38;5;12m7\u001b[0m\u001b[0m \u001b[0m\u001b[0m\u001b[1m\u001b[38;5;12m|\u001b[0m\u001b[0m \u001b[0m\u001b[0mdeclare_id!(\"BattLeSoLGaMeSmArTcOnTrAcTsPrOvAbLyFaIr111111\");\u001b[0m\n\u001b[0m  \u001b[0m\u001b[0m\u001b[1m\u001b[38;5;12m|\u001b[0m\u001b[0m             \u001b[0m\u001b[0m\u001b[1m\u001b[38;5;9m^^^^^^^^^^^^^^^^^^^^^^^^^^^^^^^^^^^^^^^^^^^^^^^\u001b[0m\n\n"}
{"$message_type":"diagnostic","message":"init_if_needed requires that anchor-lang be imported with the init-if-needed cargo feature enabled. Carefully read the init_if_needed docs before using this feature to make sure you know how to protect yourself against re-initialization attacks.","code":null,"level":"error","spans":[{"file_name":"src/lib.rs","byte_start":15036,"byte_end":15050,"line_start":456,"line_end":456,"column_start":9,"column_end":23,"is_primary":true,"text":[{"text":"        init_if_needed,","highlight_start":9,"highlight_end":23}],"label":null,"suggested_replacement":null,"suggestion_applicability":null,"expansion":null}],"children":[],"rendered":"\u001b[0m\u001b[1m\u001b[38;5;9merror\u001b[0m\u001b[0m\u001b[1m: init_if_needed requires that anchor-lang be imported with the init-if-needed cargo feature enabled. Carefully read the init_if_needed docs before using this feature to make sure you know how to protect yourself against re-initialization attacks.\u001b[0m\n\u001b[0m   \u001b[0m\u001b[0m\u001b[1m\u001b[38;5;12m--> \u001b[0m\u001b[0msrc/lib.rs:456:9\u001b[0m\n\u001b[0m    \u001b[0m\u001b[0m\u001b[1m\u001b[38;5;12m|\u001b[0m\n\u001b[0m\u001b[1m\u001b[38;5;12m456\u001b[0m\u001b[0m \u001b[0m\u001b[0m\u001b[1m\u001b[38;5;12m|\u001b[0m\u001b[0m \u001b[0m\u001b[0m        init_if_needed,\u001b[0m\n\u001b[0m    \u001b[0m\u001b[0m\u001b[1m\u001b[38;5;12m|\u001b[0m\u001b[0m         \u001b[0m\u001b[0m\u001b[1m\u001b[38;5;9m^^^^^^^^^^^^^^\u001b[0m\n\n"}
{"$message_type":"diagnostic","message":"the mint constraint has to be an account field for token initializations (not a public key)","code":null,"level":"error","spans":[{"file_name":"src/lib.rs","byte_start":16288,"byte_end":16298,"line_start":497,"line_end":497,"column_start":9,"column_end":19,"is_primary":true,"text":[{"text":"    pub game_vault: Account<'info, TokenAccount>,","highlight_start":9,"highlight_end":19}],"label":null,"suggested_replacement":null,"suggestion_applicability":null,"expansion":null}],"children":[],"rendered":"\u001b[0m\u001b[1m\u001b[38;5;9merror\u001b[0m\u001b[0m\u001b[1m: the mint constraint has to be an account field for token initializations (not a public key)\u001b[0m\n\u001b[0m   \u001b[0m\u001b[0m\u001b[1m\u001b[38;5;12m--> \u001b[0m\u001b[0msrc/lib.rs:497:9\u001b[0m\n\u001b[0m    \u001b[0m\u001b[0m\u001b[1m\u001b[38;5;12m|\u001b[0m\n\u001b[0m\u001b[1m\u001b[38;5;12m497\u001b[0m\u001b[0m \u001b[0m\u001b[0m\u001b[1m\u001b[38;5;12m|\u001b[0m\u001b[0m \u001b[0m\u001b[0m    pub game_vault: Account<'info, TokenAccount>,\u001b[0m\n\u001b[0m    \u001b[0m\u001b[0m\u001b[1m\u001b[38;5;12m|\u001b[0m\u001b[0m         \u001b[0m\u001b[0m\u001b[1m\u001b[38;5;9m^^^^^^^^^^\u001b[0m\n\n"}
{"$message_type":"diagnostic","message":"unresolved import `crate`","code":{"code":"E0432","explanation":"An import was unresolved.\n\nErroneous code example:\n\n```compile_fail,E0432\nuse something::Foo; // error: unresolved import `something::Foo`.\n```\n\nIn Rust 2015, paths in `use` statements are relative to the crate root. To\nimport items relative to the current and parent modules, use the `self::` and\n`super::` prefixes, respectively.\n\nIn Rust 2018 or later, paths in `use` statements are relative to the current\nmodule unless they begin with the name of a crate or a literal `crate::`, in\nwhich case they start from the crate root. As in Rust 2015 code, the `self::`\nand `super::` prefixes refer to the current and parent modules respectively.\n\nAlso verify that you didn't misspell the import name and that the import exists\nin the module from where you tried to import it. Example:\n\n```\nuse self::something::Foo; // Ok.\n\nmod something {\n    pub struct Foo;\n}\n# fn main() {}\n```\n\nIf you tried to use a module from an external crate and are using Rust 2015,\nyou may have missed the `extern crate` declaration (which is usually placed in\nthe crate root):\n\n```edition2015\nextern crate core; // Required to use the `core` crate in Rust 2015.\n\nuse core::any;\n# fn main() {}\n```\n\nSince Rust 2018 the `extern crate` declaration is not required and\nyou can instead just `use` it:\n\n```edition2018\nuse core::any; // No extern crate required in Rust 2018.\n# fn main() {}\n```\n"},"level":"error","spans":[{"file_name":"src/lib.rs","byte_start":278,"byte_end":288,"line_start":9,"line_end":9,"column_start":1,"column_end":11,"is_primary":true,"text":[{"text":"#[program]","highlight_start":1,"highlight_end":11}],"label":"could not find `__client_accounts_create_game` in the crate root","suggested_replacement":null,"suggestion_applicability":null,"expansion":{"span":{"file_name":"src/lib.rs","byte_start":278,"byte_end":288,"line_start":9,"line_end":9,"column_start":1,"column_end":11,"is_primary":false,"text":[{"text":"#[program]","highlight_start":1,"highlight_end":11}],"label":null,"suggested_replacement":null,"suggestion_applicability":null,"expansion":null},"macro_decl_name":"#[program]","def_site_span":{"file_name":"/usr/local/cargo/registry/src/index.crates.io-6f17d22bba15001f/anchor-attribute-program-0.29.0/src/lib.rs","byte_start":234,"byte_end":350,"line_start":9,"line_end":12,"column_start":1,"column_end":29,"is_primary":false,"text":[{"text":"pub fn program(","highlight_start":1,"highlight_end":16},{"text":"    _args: proc_macro::TokenStream,","highlight_start":1,"highlight_end":36},{"text":"    input: proc_macro::TokenStream,","highlight_start":1,"highlight_end":36},{"text":") -> proc_macro::TokenStream {","highlight_start":1,"highlight_end":29}],"label":null,"suggested_replacement":null,"suggestion_applicability":null,"expansion":null}}}],"children":[],"rendered":"\u001b[0m\u001b[1m\u001b[38;5;9merror[E0432]\u001b[0m\u001b[0m\u001b[1m: unresolved import `crate`\u001b[0m\n\u001b[0m \u001b[0m\u001b[0m\u001b[1m\u001b[38;5;12m--> \u001b[0m\u001b[0msrc/lib.rs:9:1\u001b[0m\n\u001b[0m  \u001b[0m\u001b[0m\u001b[1m\u001b[38;5;12m|\u001b[0m\n\u001b[0m\u001b[1m\u001b[38;5;12m9\u001b[0m\u001b[0m \u001b[0m\u001b[0m\u001b[1m\u001b[38;5;12m|\u001b[0m\u001b[0m \u001b[0m\u001b[0m#[program]\u001b[0m\n\u001b[0m  \u001b[0m\u001b[0m\u001b[1m\u001b[38;5;12m|\u001b[0m\u001b[0m \u001b[0m\u001b[0m\u001b[1m\u001b[38;5;9m^^^^^^^^^^\u001b[0m\u001b[0m \u001b[0m\u001b[0m\u001b[1m\u001b[38;5;9mcould not find `__client_accounts_create_game` in the crate root\u001b[0m\n\u001b[0m  \u001b[0m\u001b[0m\u001b[1m\u001b[38;5;12m|\u001b[0m\n\u001b[0m  \u001b[0m\u001b[0m\u001b[1m\u001b[38;5;12m= \u001b[0m\u001b[0m\u001b[1mnote\u001b[0m\u001b[0m: this error originates in the attribute macro `program` (in Nightly builds, run with -Z macro-backtrace for more info)\u001b[0m\n\n"}
{"$message_type":"diagnostic","message":"the trait bound `BuyShipTokens<'_>: Bumps` is not satisfied","code":{"code":"E0277","explanation":"You tried to use a type which doesn't implement some trait in a place which\nexpected that trait.\n\nErroneous code example:\n\n```compile_fail,E0277\n// here we declare the Foo trait with a bar method\ntrait Foo {\n    fn bar(&self);\n}\n\n// we now declare a function which takes an object implementing the Foo trait\nfn some_func<T: Foo>(foo: T) {\n    foo.bar();\n}\n\nfn main() {\n    // we now call the method with the i32 type, which doesn't implement\n    // the Foo trait\n    some_func(5i32); // error: the trait bound `i32 : Foo` is not satisfied\n}\n```\n\nIn order to fix this error, verify that the type you're using does implement\nthe trait. Example:\n\n```\ntrait Foo {\n    fn bar(&self);\n}\n\n// we implement the trait on the i32 type\nimpl Foo for i32 {\n    fn bar(&self) {}\n}\n\nfn some_func<T: Foo>(foo: T) {\n    foo.bar(); // we can now use this method since i32 implements the\n               // Foo trait\n}\n\nfn main() {\n    some_func(5i32); // ok!\n}\n```\n\nOr in a generic context, an erroneous code example would look like:\n\n```compile_fail,E0277\nfn some_func<T>(foo: T) {\n    println!(\"{:?}\", foo); // error: the trait `core::fmt::Debug` is not\n                           //        implemented for the type `T`\n}\n\nfn main() {\n    // We now call the method with the i32 type,\n    // which *does* implement the Debug trait.\n    some_func(5i32);\n}\n```\n\nNote that the error here is in the definition of the generic function. Although\nwe only call it with a parameter that does implement `Debug`, the compiler\nstill rejects the function. It must work with all possible input types. In\norder to make this example compile, we need to restrict the generic type we're\naccepting:\n\n```\nuse std::fmt;\n\n// Restrict the input type to types that implement Debug.\nfn some_func<T: fmt::Debug>(foo: T) {\n    println!(\"{:?}\", foo);\n}\n\nfn main() {\n    // Calling the method is still fine, as i32 implements Debug.\n    some_func(5i32);\n\n    // This would fail to compile now:\n    // struct WithoutDebug;\n    // some_func(WithoutDebug);\n}\n```\n\nRust only looks at the signature of the called function, as such it must\nalready specify all requirements that will be used for every type parameter.\n"},"level":"error","spans":[{"file_name":"src/lib.rs","byte_start":1635,"byte_end":1657,"line_start":47,"line_end":47,"column_start":33,"column_end":55,"is_primary":true,"text":[{"text":"    pub fn buy_ship_tokens(ctx: Context<BuyShipTokens>, amount: u64) -> Result<()> {","highlight_start":33,"highlight_end":55}],"label":"the trait `Bumps` is not implemented for `BuyShipTokens<'_>`","suggested_replacement":null,"suggestion_applicability":null,"expansion":null}],"children":[{"message":"the following other types implement trait `Bumps`:\n  CreateNonceAccount<'info>\n  CreateNonceAccountWithSeed<'info>\n  Initialize<'info>\n  InitializePresale<'info>\n  JoinGame<'info>\n  PauseGames<'info>\n  ResumeGames<'info>\n  RevealAndFinalize<'info>\nand 54 others","code":null,"level":"help","spans":[],"children":[],"rendered":null},{"message":"required by a bound in `anchor_lang::context::Context`","code":null,"level":"note","spans":[{"file_name":"/usr/local/cargo/registry/src/index.crates.io-6f17d22bba15001f/anchor-lang-0.29.0/src/context.rs","byte_start":826,"byte_end":831,"line_start":24,"line_end":24,"column_start":42,"column_end":47,"is_primary":true,"text":[{"text":"pub struct Context<'a, 'b, 'c, 'info, T: Bumps> {","highlight_start":42,"highlight_end":47}],"label":"required by this bound in `Context`","suggested_replacement":null,"suggestion_applicability":null,"expansion":null}],"children":[],"rendered":null}],"rendered":"\u001b[0m\u001b[1m\u001b[38;5;9merror[E0277]\u001b[0m\u001b[0m\u001b[1m: the trait bound `BuyShipTokens<'_>: Bumps` is not satisfied\u001b[0m\n\u001b[0m  \u001b[0m\u001b[0m\u001b[1m\u001b[38;5;12m--> \u001b[0m\u001b[0msrc/lib.rs:47:33\u001b[0m\n\u001b[0m   \u001b[0m\u001b[0m\u001b[1m\u001b[38;5;12m|\u001b[0m\n\u001b[0m\u001b[1m\u001b[38;5;12m47\u001b[0m\u001b[0m \u001b[0m\u001b[0m\u001b[1m\u001b[38;5;12m|\u001b[0m\u001b[0m \u001b[0m\u001b[0m\u001b[1m\u001b[38;5;12m...\u001b[0m\u001b[0my_ship_tokens(ctx: Context<BuyShipTokens>, amount: u64) -> Result<()> {\u001b[0m\n\u001b[0m   \u001b[0m\u001b[0m\u001b[1m\u001b[38;5;12m|\u001b[0m\u001b[0m                       \u001b[0m\u001b[0m\u001b[1m\u001b[38;5;9m^^^^^^^^^^^^^^^^^^^^^^\u001b[0m\u001b[0m \u001b[0m\u001b[0m\u001b[1m\u001b[38;5;9mthe trait `Bumps` is not implemented for `BuyShipTokens<'_>`\u001b[0m\n\u001b[0m   \u001b[0m\u001b[0m\u001b[1m\u001b[38;5;12m|\u001b[0m\n\u001b[0m   \u001b[0m\u001b[0m\u001b[1m\u001b[38;5;12m= \u001b[0m\u001b[0m\u001b[1mhelp\u001b[0m\u001b[0m: the following other types implement trait `Bumps`:\u001b[0m\n\u001b[0m             CreateNonceAccount<'info>\u001b[0m\n\u001b[0m             CreateNonceAccountWithSeed<'info>\u001b[0m\n\u001b[0m             Initialize<'info>\u001b[0m\n\u001b[0m             InitializePresale<'info>\u001b[0m\n\u001b[0m             JoinGame<'info>\u001b[0m\n\u001b[0m             PauseGames<'info>\u001b[0m\n\u001b[0m             ResumeGames<'info>\u001b[0m\n\u001b[0m             RevealAndFinalize<'info>\u001b[0m\n\u001b[0m           and 54 others\u001b[0m\n\u001b[0m\u001b[1m\u001b[38;5;10mnote\u001b[0m\u001b[0m: required by a bound in `anchor_lang::context::Context`\u001b[0m\n\u001b[0m  \u001b[0m\u001b[0m\u001b[1m\u001b[38;5;12m--> \u001b[0m\u001b[0m/usr/local/cargo/registry/src/index.crates.io-6f17d22bba15001f/anchor-lang-0.29.0/src/context.rs:24:42\u001b[0m\n\u001b[0m   \u001b[0m\u001b[0m\u001b[1m\u001b[38;5;12m|\u001b[0m\n\u001b[0m\u001b[1m\u001b[38;5;12m24\u001b[0m\u001b[0m \u001b[0m\u001b[0m\u001b[1m\u001b[38;5;12m|\u001b[0m\u001b[0m \u001b[0m\u001b[0mpub struct Context<'a, 'b, 'c, 'info, T: Bumps> {\u001b[0m\n\u001b[0m   \u001b[0m\u001b[0m\u001b[1m\u001b[38;5;12m|\u001b[0m\u001b[0m                                          \u001b[0m\u001b[0m\u001b[1m\u001b[38;5;10m^^^^^\u001b[0m\u001b[0m \u001b[0m\u001b[0m\u001b[1m\u001b[38;5;10mrequired by this bound in `Context`\u001b[0m\n\n"}
{"$message_type":"diagnostic","message":"the trait bound `CreateGame<'_>: Bumps` is not satisfied","code":{"code":"E0277","explanation":"You tried to use a type which doesn't implement some trait in a place which\nexpected that trait.\n\nErroneous code example:\n\n```compile_fail,E0277\n// here we declare the Foo trait with a bar method\ntrait Foo {\n    fn bar(&self);\n}\n\n// we now declare a function which takes an object implementing the Foo trait\nfn some_func<T: Foo>(foo: T) {\n    foo.bar();\n}\n\nfn main() {\n    // we now call the method with the i32 type, which doesn't implement\n    // the Foo trait\n    some_func(5i32); // error: the trait bound `i32 : Foo` is not satisfied\n}\n```\n\nIn order to fix this error, verify that the type you're using does implement\nthe trait. Example:\n\n```\ntrait Foo {\n    fn bar(&self);\n}\n\n// we implement the trait on the i32 type\nimpl Foo for i32 {\n    fn bar(&self) {}\n}\n\nfn some_func<T: Foo>(foo: T) {\n    foo.bar(); // we can now use this method since i32 implements the\n               // Foo trait\n}\n\nfn main() {\n    some_func(5i32); // ok!\n}\n```\n\nOr in a generic context, an erroneous code example would look like:\n\n```compile_fail,E0277\nfn some_func<T>(foo: T) {\n    println!(\"{:?}\", foo); // error: the trait `core::fmt::Debug` is not\n                           //        implemented for the type `T`\n}\n\nfn main() {\n    // We now call the method with the i32 type,\n    // which *does* implement the Debug trait.\n    some_func(5i32);\n}\n```\n\nNote that the error here is in the definition of the generic function. Although\nwe only call it with a parameter that does implement `Debug`, the compiler\nstill rejects the function. It must work with all possible input types. In\norder to make this example compile, we need to restrict the generic type we're\naccepting:\n\n```\nuse std::fmt;\n\n// Restrict the input type to types that implement Debug.\nfn some_func<T: fmt::Debug>(foo: T) {\n    println!(\"{:?}\", foo);\n}\n\nfn main() {\n    // Calling the method is still fine, as i32 implements Debug.\n    some_func(5i32);\n\n    // This would fail to compile now:\n    // struct WithoutDebug;\n    // some_func(WithoutDebug);\n}\n```\n\nRust only looks at the signature of the called function, as such it must\nalready specify all requirements that will be used for every type parameter.\n"},"level":"error","spans":[{"file_name":"src/lib.rs","byte_start":3650,"byte_end":3669,"line_start":104,"line_end":104,"column_start":14,"column_end":33,"is_primary":true,"text":[{"text":"        ctx: Context<CreateGame>,","highlight_start":14,"highlight_end":33}],"label":"the trait `Bumps` is not implemented for `CreateGame<'_>`","suggested_replacement":null,"suggestion_applicability":null,"expansion":null}],"children":[{"message":"the following other types implement trait `Bumps`:\n  CreateNonceAccount<'info>\n  CreateNonceAccountWithSeed<'info>\n  Initialize<'info>\n  InitializePresale<'info>\n  JoinGame<'info>\n  PauseGames<'info>\n  ResumeGames<'info>\n  RevealAndFinalize<'info>\nand 54 others","code":null,"level":"help","spans":[],"children":[],"rendered":null},{"message":"required by a bound in `anchor_lang::context::Context`","code":null,"level":"note","spans":[{"file_name":"/usr/local/cargo/registry/src/index.crates.io-6f17d22bba15001f/anchor-lang-0.29.0/src/context.rs","byte_start":826,"byte_end":831,"line_start":24,"line_end":24,"column_start":42,"column_end":47,"is_primary":true,"text":[{"text":"pub struct Context<'a, 'b, 'c, 'info, T: Bumps> {","highlight_start":42,"highlight_end":47}],"label":"required by this bound in `Context`","suggested_replacement":null,"suggestion_applicability":null,"expansion":null}],"children":[],"rendered":null}],"rendered":"\u001b[0m\u001b[1m\u001b[38;5;9merror[E0277]\u001b[0m\u001b[0m\u001b[1m: the trait bound `CreateGame<'_>: Bumps` is not satisfied\u001b[0m\n\u001b[0m   \u001b[0m\u001b[0m\u001b[1m\u001b[38;5;12m--> \u001b[0m\u001b[0msrc/lib.rs:104:14\u001b[0m\n\u001b[0m    \u001b[0m\u001b[0m\u001b[1m\u001b[38;5;12m|\u001b[0m\n\u001b[0m\u001b[1m\u001b[38;5;12m104\u001b[0m\u001b[0m \u001b[0m\u001b[0m\u001b[1m\u001b[38;5;12m|\u001b[0m\u001b[0m \u001b[0m\u001b[0m        ctx: Context<CreateGame>,\u001b[0m\n\u001b[0m    \u001b[0m\u001b[0m\u001b[1m\u001b[38;5;12m|\u001b[0m\u001b[0m              \u001b[0m\u001b[0m\u001b[1m\u001b[38;5;9m^^^^^^^^^^^^^^^^^^^\u001b[0m\u001b[0m \u001b[0m\u001b[0m\u001b[1m\u001b[38;5;9mthe trait `Bumps` is not implemented for `CreateGame<'_>`\u001b[0m\n\u001b[0m    \u001b[0m\u001b[0m\u001b[1m\u001b[38;5;12m|\u001b[0m\n\u001b[0m    \u001b[0m\u001b[0m\u001b[1m\u001b[38;5;12m= \u001b[0m\u001b[0m\u001b[1mhelp\u001b[0m\u001b[0m: the following other types implement trait `Bumps`:\u001b[0m\n\u001b[0m              CreateNonceAccount<'info>\u001b[0m\n\u001b[0m              CreateNonceAccountWithSeed<'info>\u001b[0m\n\u001b[0m              Initialize<'info>\u001b[0m\n\u001b[0m              InitializePresale<'info>\u001b[0m\n\u001b[0m              JoinGame<'info>\u001b[0m\n\u001b[0m              PauseGames<'info>\u001b[0m\n\u001b[0m              ResumeGames<'info>\u001b[0m\n\u001b[0m              RevealAndFinalize<'info>\u001b[0m\n\u001b[0m            and 54 others\u001b[0m\n\u001b[0m\u001b[1m\u001b[38;5;10mnote\u001b[0m\u001b[0m: required by a bound in `anchor_lang::context::Context`\u001b[0m\n\u001b[0m   \u001b[0m\u001b[0m\u001b[1m\u001b[38;5;12m--> \u001b[0m\u001b[0m/usr/local/cargo/registry/src/index.crates.io-6f17d22bba15001f/anchor-lang-0.29.0/src/context.rs:24:42\u001b[0m\n\u001b[0m    \u001b[0m\u001b[0m\u001b[1m\u001b[38;5;12m|\u001b[0m\n\u001b[0m\u001b[1m\u001b[38;5;12m24\u001b[0m\u001b[0m  \u001b[0m\u001b[0m\u001b[1m\u001b[38;5;12m|\u001b[0m\u001b[0m \u001b[0m\u001b[0mpub struct Context<'a, 'b, 'c, 'info, T: Bumps> {\u001b[0m\n\u001b[0m    \u001b[0m\u001b[0m\u001b[1m\u001b[38;5;12m|\u001b[0m\u001b[0m                                          \u001b[0m\u001b[0m\u001b[1m\u001b[38;5;10m^^^^^\u001b[0m\u001b[0m \u001b[0m\u001b[0m\u001b[1m\u001b[38;5;10mrequired by this bound in `Context`\u001b[0m\n\n"}
{"$message_type":"diagnostic","message":"the trait bound `BuyShipTokens<'_>: Bumps` is not satisfied","code":{"code":"E0277","explanation":"You tried to use a type which doesn't implement some trait in a place which\nexpected that trait.\n\nErroneous code example:\n\n```compile_fail,E0277\n// here we declare the Foo trait with a bar method\ntrait Foo {\n    fn bar(&self);\n}\n\n// we now declare a function which takes an object implementing the Foo trait\nfn some_func<T: Foo>(foo: T) {\n    foo.bar();\n}\n\nfn main() {\n    // we now call the method with the i32 type, which doesn't implement\n    // the Foo trait\n    some_func(5i32); // error: the trait bound `i32 : Foo` is not satisfied\n}\n```\n\nIn order to fix this error, verify that the type you're using does implement\nthe trait. Example:\n\n```\ntrait Foo {\n    fn bar(&self);\n}\n\n// we implement the trait on the i32 type\nimpl Foo for i32 {\n    fn bar(&self) {}\n}\n\nfn some_func<T: Foo>(foo: T) {\n    foo.bar(); // we can now use this method since i32 implements the\n               // Foo trait\n}\n\nfn main() {\n    some_func(5i32); // ok!\n}\n```\n\nOr in a generic context, an erroneous code example would look like:\n\n```compile_fail,E0277\nfn some_func<T>(foo: T) {\n    println!(\"{:?}\", foo); // error: the trait `core::fmt::Debug` is not\n                           //        implemented for the type `T`\n}\n\nfn main() {\n    // We now call the method with the i32 type,\n    // which *does* implement the Debug trait.\n    some_func(5i32);\n}\n```\n\nNote that the error here is in the definition of the generic function. Although\nwe only call it with a parameter that does implement `Debug`, the compiler\nstill rejects the function. It must work with all possible input types. In\norder to make this example compile, we need to restrict the generic type we're\naccepting:\n\n```\nuse std::fmt;\n\n// Restrict the input type to types that implement Debug.\nfn some_func<T: fmt::Debug>(foo: T) {\n    println!(\"{:?}\", foo);\n}\n\nfn main() {\n    // Calling the method is still fine, as i32 implements Debug.\n    some_func(5i32);\n\n    // This would fail to compile now:\n    // struct WithoutDebug;\n    // some_func(WithoutDebug);\n}\n```\n\nRust only looks at the signature of the called function, as such it must\nalready specify all requirements that will be used for every type parameter.\n"},"level":"error","spans":[{"file_name":"src/lib.rs","byte_start":1643,"byte_end":1656,"line_start":47,"line_end":47,"column_start":41,"column_end":54,"is_primary":true,"text":[{"text":"    pub fn buy_ship_tokens(ctx: Context<BuyShipTokens>, amount: u64) -> Result<()> {","highlight_start":41,"highlight_end":54}],"label":"the trait `Bumps` is not implemented for `BuyShipTokens<'_>`","suggested_replacement":null,"suggestion_applicability":null,"expansion":null}],"children":[{"message":"the following other types implement trait `Bumps`:\n  CreateNonceAccount<'info>\n  CreateNonceAccountWithSeed<'info>\n  Initialize<'info>\n  InitializePresale<'info>\n  JoinGame<'info>\n  PauseGames<'info>\n  ResumeGames<'info>\n  RevealAndFinalize<'info>\nand 54 others","code":null,"level":"help","spans":[],"children":[],"rendered":null}],"rendered":"\u001b[0m\u001b[1m\u001b[38;5;9merror[E0277]\u001b[0m\u001b[0m\u001b[1m: the trait bound `BuyShipTokens<'_>: Bumps` is not satisfied\u001b[0m\n\u001b[0m  \u001b[0m\u001b[0m\u001b[1m\u001b[38;5;12m--> \u001b[0m\u001b[0msrc/lib.rs:47:41\u001b[0m\n\u001b[0m   \u001b[0m\u001b[0m\u001b[1m\u001b[38;5;12m|\u001b[0m\n\u001b[0m\u001b[1m\u001b[38;5;12m47\u001b[0m\u001b[0m \u001b[0m\u001b[0m\u001b[1m\u001b[38;5;12m|\u001b[0m\u001b[0m \u001b[0m\u001b[0m\u001b[1m\u001b[38;5;12m...\u001b[0m\u001b[0mip_tokens(ctx: Context<BuyShipTokens>, amount: u64) -> Result<()> {\u001b[0m\n\u001b[0m   \u001b[0m\u001b[0m\u001b[1m\u001b[38;5;12m|\u001b[0m\u001b[0m                           \u001b[0m\u001b[0m\u001b[1m\u001b[38;5;9m^^^^^^^^^^^^^\u001b[0m\u001b[0m \u001b[0m\u001b[0m\u001b[1m\u001b[38;5;9mthe trait `Bumps` is not implemented for `BuyShipTokens<'_>`\u001b[0m\n\u001b[0m   \u001b[0m\u001b[0m\u001b[1m\u001b[38;5;12m|\u001b[0m\n\u001b[0m   \u001b[0m\u001b[0m\u001b[1m\u001b[38;5;12m= \u001b[0m\u001b[0m\u001b[1mhelp\u001b[0m\u001b[0m: the following other types implement trait `Bumps`:\u001b[0m\n\u001b[0m             CreateNonceAccount<'info>\u001b[0m\n\u001b[0m             CreateNonceAccountWithSeed<'info>\u001b[0m\n\u001b[0m             Initialize<'info>\u001b[0m\n\u001b[0m             InitializePresale<'info>\u001b[0m\n\u001b[0m             JoinGame<'info>\u001b[0m\n\u001b[0m             PauseGames<'info>\u001b[0m\n\u001b[0m             ResumeGames<'info>\u001b[0m\n\u001b[0m             RevealAndFinalize<'info>\u001b[0m\n\u001b[0m           and 54 others\u001b[0m\n\n"}
{"$message_type":"diagnostic","message":"no function or associated item named `try_accounts` found for struct `BuyShipTokens` in the current scope","code":{"code":"E0599","explanation":"This error occurs when a method is used on a type which doesn't implement it:\n\nErroneous code example:\n\n```compile_fail,E0599\nstruct Mouth;\n\nlet x = Mouth;\nx.chocolate(); // error: no method named `chocolate` found for type `Mouth`\n               //        in the current scope\n```\n\nIn this case, you need to implement the `chocolate` method to fix the error:\n\n```\nstruct Mouth;\n\nimpl Mouth {\n    fn chocolate(&self) { // We implement the `chocolate` method here.\n        println!(\"Hmmm! I love chocolate!\");\n    }\n}\n\nlet x = Mouth;\nx.chocolate(); // ok!\n```\n"},"level":"error","spans":[{"file_name":"src/lib.rs","byte_start":278,"byte_end":288,"line_start":9,"line_end":9,"column_start":1,"column_end":11,"is_primary":true,"text":[{"text":"#[program]","highlight_start":1,"highlight_end":11}],"label":"function or associated item not found in `BuyShipTokens<'_>`","suggested_replacement":null,"suggestion_applicability":null,"expansion":{"span":{"file_name":"src/lib.rs","byte_start":278,"byte_end":288,"line_start":9,"line_end":9,"column_start":1,"column_end":11,"is_primary":false,"text":[{"text":"#[program]","highlight_start":1,"highlight_end":11}],"label":null,"suggested_replacement":null,"suggestion_applicability":null,"expansion":null},"macro_decl_name":"#[program]","def_site_span":{"file_name":"/usr/local/cargo/registry/src/index.crates.io-6f17d22bba15001f/anchor-attribute-program-0.29.0/src/lib.rs","byte_start":234,"byte_end":350,"line_start":9,"line_end":12,"column_start":1,"column_end":29,"is_primary":false,"text":[{"text":"pub fn program(","highlight_start":1,"highlight_end":16},{"text":"    _args: proc_macro::TokenStream,","highlight_start":1,"highlight_end":36},{"text":"    input: proc_macro::TokenStream,","highlight_start":1,"highlight_end":36},{"text":") -> proc_macro::TokenStream {","highlight_start":1,"highlight_end":29}],"label":null,"suggested_replacement":null,"suggestion_applicability":null,"expansion":null}}},{"file_name":"src/lib.rs","byte_start":14683,"byte_end":14714,"line_start":441,"line_end":441,"column_start":1,"column_end":32,"is_primary":false,"text":[{"text":"pub struct BuyShipTokens<'info> {","highlight_start":1,"highlight_end":32}],"label":"function or associated item `try_accounts` not found for this struct","suggested_replacement":null,"suggestion_applicability":null,"expansion":null}],"children":[{"message":"items from traits can only be used if the trait is implemented and in scope","code":null,"level":"help","spans":[],"children":[],"rendered":null},{"message":"the following trait defines an item `try_accounts`, perhaps you need to implement it:\ncandidate #1: `anchor_lang::Accounts`","code":null,"level":"note","spans":[],"children":[],"rendered":null},{"message":"there is a method `try_into` with a similar name, but with different arguments","code":null,"level":"help","spans":[{"file_name":"/rustc/f6e511eec7342f59a25f7c0534f1dbea00d01b14/library/core/src/convert/mod.rs","byte_start":23680,"byte_end":23724,"line_start":611,"line_end":611,"column_start":5,"column_end":49,"is_primary":true,"text":[],"label":null,"suggested_replacement":null,"suggestion_applicability":null,"expansion":null}],"children":[],"rendered":null}],"rendered":"\u001b[0m\u001b[1m\u001b[38;5;9merror[E0599]\u001b[0m\u001b[0m\u001b[1m: no function or associated item named `try_accounts` found for struct `BuyShipTokens` in the current scope\u001b[0m\n\u001b[0m   \u001b[0m\u001b[0m\u001b[1m\u001b[38;5;12m--> \u001b[0m\u001b[0msrc/lib.rs:9:1\u001b[0m\n\u001b[0m    \u001b[0m\u001b[0m\u001b[1m\u001b[38;5;12m|\u001b[0m\n\u001b[0m\u001b[1m\u001b[38;5;12m9\u001b[0m\u001b[0m   \u001b[0m\u001b[0m\u001b[1m\u001b[38;5;12m|\u001b[0m\u001b[0m \u001b[0m\u001b[0m#[program]\u001b[0m\n\u001b[0m    \u001b[0m\u001b[0m\u001b[1m\u001b[38;5;12m|\u001b[0m\u001b[0m \u001b[0m\u001b[0m\u001b[1m\u001b[38;5;9m^^^^^^^^^^\u001b[0m\u001b[0m \u001b[0m\u001b[0m\u001b[1m\u001b[38;5;9mfunction or associated item not found in `BuyShipTokens<'_>`\u001b[0m\n\u001b[0m\u001b[1m\u001b[38;5;12m...\u001b[0m\n\u001b[0m\u001b[1m\u001b[38;5;12m441\u001b[0m\u001b[0m \u001b[0m\u001b[0m\u001b[1m\u001b[38;5;12m|\u001b[0m\u001b[0m \u001b[0m\u001b[0mpub struct BuyShipTokens<'info> {\u001b[0m\n\u001b[0m    \u001b[0m\u001b[0m\u001b[1m\u001b[38;5;12m|\u001b[0m\u001b[0m \u001b[0m\u001b[0m\u001b[1m\u001b[38;5;12m-------------------------------\u001b[0m\u001b[0m \u001b[0m\u001b[0m\u001b[1m\u001b[38;5;12mfunction or associated item `try_accounts` not found for this struct\u001b[0m\n\u001b[0m    \u001b[0m\u001b[0m\u001b[1m\u001b[38;5;12m|\u001b[0m\n\u001b[0m    \u001b[0m\u001b[0m\u001b[1m\u001b[38;5;12m= \u001b[0m\u001b[0m\u001b[1mhelp\u001b[0m\u001b[0m: items from traits can only be used if the trait is implemented and in scope\u001b[0m\n\u001b[0m    \u001b[0m\u001b[0m\u001b[1m\u001b[38;5;12m= \u001b[0m\u001b[0m\u001b[1mnote\u001b[0m\u001b[0m: the following trait defines an item `try_accounts`, perhaps you need to implement it:\u001b[0m\n\u001b[0m            candidate #1: `anchor_lang::Accounts`\u001b[0m\n\u001b[0m\u001b[1m\u001b[38;5;14mhelp\u001b[0m\u001b[0m: there is a method `try_into` with a similar name, but with different arguments\u001b[0m\n\u001b[0m   \u001b[0m\u001b[0m\u001b[1m\u001b[38;5;12m--> \u001b[0m\u001b[0m/rustc/f6e511eec7342f59a25f7c0534f1dbea00d01b14/library/core/src/convert/mod.rs:611:5\u001b[0m\n\u001b[0m    \u001b[0m\u001b[0m\u001b[1m\u001b[38;5;12m= \u001b[0m\u001b[0m\u001b[1mnote\u001b[0m\u001b[0m: this error originates in the attribute macro `program` (in Nightly builds, run with -Z macro-backtrace for more info)\u001b[0m\n\n"}
{"$message_type":"diagnostic","message":"the trait bound `BuyShipTokens<'_>: Bumps` is not satisfied","code":{"code":"E0277","explanation":"You tried to use a type which doesn't implement some trait in a place which\nexpected that trait.\n\nErroneous code example:\n\n```compile_fail,E0277\n// here we declare the Foo trait with a bar method\ntrait Foo {\n    fn bar(&self);\n}\n\n// we now declare a function which takes an object implementing the Foo trait\nfn some_func<T: Foo>(foo: T) {\n    foo.bar();\n}\n\nfn main() {\n    // we now call the method with the i32 type, which doesn't implement\n    // the Foo trait\n    some_func(5i32); // error: the trait bound `i32 : Foo` is not satisfied\n}\n```\n\nIn order to fix this error, verify that the type you're using does implement\nthe trait. Example:\n\n```\ntrait Foo {\n    fn bar(&self);\n}\n\n// we implement the trait on the i32 type\nimpl Foo for i32 {\n    fn bar(&self) {}\n}\n\nfn some_func<T: Foo>(foo: T) {\n    foo.bar(); // we can now use this method since i32 implements the\n               // Foo trait\n}\n\nfn main() {\n    some_func(5i32); // ok!\n}\n```\n\nOr in a generic context, an erroneous code example would look like:\n\n```compile_fail,E0277\nfn some_func<T>(foo: T) {\n    println!(\"{:?}\", foo); // error: the trait `core::fmt::Debug` is not\n                           //        implemented for the type `T`\n}\n\nfn main() {\n    // We now call the method with the i32 type,\n    // which *does* implement the Debug trait.\n    some_func(5i32);\n}\n```\n\nNote that the error here is in the definition of the generic function. Although\nwe only call it with a parameter that does implement `Debug`, the compiler\nstill rejects the function. It must work with all possible input types. In\norder to make this example compile, we need to restrict the generic type we're\naccepting:\n\n```\nuse std::fmt;\n\n// Restrict the input type to types that implement Debug.\nfn some_func<T: fmt::Debug>(foo: T) {\n    println!(\"{:?}\", foo);\n}\n\nfn main() {\n    // Calling the method is still fine, as i32 implements Debug.\n    some_func(5i32);\n\n    // This would fail to compile now:\n    // struct WithoutDebug;\n    // some_func(WithoutDebug);\n}\n```\n\nRust only looks at the signature of the called function, as such it must\nalready specify all requirements that will be used for every type parameter.\n"},"level":"error","spans":[{"file_name":"src/lib.rs","byte_start":278,"byte_end":288,"line_start":9,"line_end":9,"column_start":1,"column_end":11,"is_primary":true,"text":[{"text":"#[program]","highlight_start":1,"highlight_end":11}],"label":"the trait `Bumps` is not implemented for `BuyShipTokens<'_>`","suggested_replacement":null,"suggestion_applicability":null,"expansion":{"span":{"file_name":"src/lib.rs","byte_start":278,"byte_end":288,"line_start":9,"line_end":9,"column_start":1,"column_end":11,"is_primary":false,"text":[{"text":"#[program]","highlight_start":1,"highlight_end":11}],"label":null,"suggested_replacement":null,"suggestion_applicability":null,"expansion":null},"macro_decl_name":"#[program]","def_site_span":{"file_name":"/usr/local/cargo/registry/src/index.crates.io-6f17d22bba15001f/anchor-attribute-program-0.29.0/src/lib.rs","byte_start":234,"byte_end":350,"line_start":9,"line_end":12,"column_start":1,"column_end":29,"is_primary":false,"text":[{"text":"pub fn program(","highlight_start":1,"highlight_end":16},{"text":"    _args: proc_macro::TokenStream,","highlight_start":1,"highlight_end":36},{"text":"    input: proc_macro::TokenStream,","highlight_start":1,"highlight_end":36},{"text":") -> proc_macro::TokenStream {","highlight_start":1,"highlight_end":29}],"label":null,"suggested_replacement":null,"suggestion_applicability":null,"expansion":null}}}],"children":[{"message":"the following other types implement trait `Bumps`:\n  CreateNonceAccount<'info>\n  CreateNonceAccountWithSeed<'info>\n  Initialize<'info>\n  InitializePresale<'info>\n  JoinGame<'info>\n  PauseGames<'info>\n  ResumeGames<'info>\n  RevealAndFinalize<'info>\nand 54 others","code":null,"level":"help","spans":[],"children":[],"rendered":null},{"message":"required by a bound in `anchor_lang::context::Context`","code":null,"level":"note","spans":[{"file_name":"/usr/local/cargo/registry/src/index.crates.io-6f17d22bba15001f/anchor-lang-0.29.0/src/context.rs","byte_start":826,"byte_end":831,"line_start":24,"line_end":24,"column_start":42,"column_end":47,"is_primary":true,"text":[{"text":"pub struct Context<'a, 'b, 'c, 'info, T: Bumps> {","highlight_start":42,"highlight_end":47}],"label":"required by this bound in `Context`","suggested_replacement":null,"suggestion_applicability":null,"expansion":null}],"children":[],"rendered":null}],"rendered":"\u001b[0m\u001b[1m\u001b[38;5;9merror[E0277]\u001b[0m\u001b[0m\u001b[1m: the trait bound `BuyShipTokens<'_>: Bumps` is not satisfied\u001b[0m\n\u001b[0m  \u001b[0m\u001b[0m\u001b[1m\u001b[38;5;12m--> \u001b[0m\u001b[0msrc/lib.rs:9:1\u001b[0m\n\u001b[0m   \u001b[0m\u001b[0m\u001b[1m\u001b[38;5;12m|\u001b[0m\n\u001b[0m\u001b[1m\u001b[38;5;12m9\u001b[0m\u001b[0m  \u001b[0m\u001b[0m\u001b[1m\u001b[38;5;12m|\u001b[0m\u001b[0m \u001b[0m\u001b[0m#[program]\u001b[0m\n\u001b[0m   \u001b[0m\u001b[0m\u001b[1m\u001b[38;5;12m|\u001b[0m\u001b[0m \u001b[0m\u001b[0m\u001b[1m\u001b[38;5;9m^^^^^^^^^^\u001b[0m\u001b[0m \u001b[0m\u001b[0m\u001b[1m\u001b[38;5;9mthe trait `Bumps` is not implemented for `BuyShipTokens<'_>`\u001b[0m\n\u001b[0m   \u001b[0m\u001b[0m\u001b[1m\u001b[38;5;12m|\u001b[0m\n\u001b[0m   \u001b[0m\u001b[0m\u001b[1m\u001b[38;5;12m= \u001b[0m\u001b[0m\u001b[1mhelp\u001b[0m\u001b[0m: the following other types implement trait `Bumps`:\u001b[0m\n\u001b[0m             CreateNonceAccount<'info>\u001b[0m\n\u001b[0m             CreateNonceAccountWithSeed<'info>\u001b[0m\n\u001b[0m             Initialize<'info>\u001b[0m\n\u001b[0m             InitializePresale<'info>\u001b[0m\n\u001b[0m             JoinGame<'info>\u001b[0m\n\u001b[0m             PauseGames<'info>\u001b[0m\n\u001b[0m             ResumeGames<'info>\u001b[0m\n\u001b[0m             RevealAndFinalize<'info>\u001b[0m\n\u001b[0m           and 54 others\u001b[0m\n\u001b[0m\u001b[1m\u001b[38;5;10mnote\u001b[0m\u001b[0m: required by a bound in `anchor_lang::context::Context`\u001b[0m\n\u001b[0m  \u001b[0m\u001b[0m\u001b[1m\u001b[38;5;12m--> \u001b[0m\u001b[0m/usr/local/cargo/registry/src/index.crates.io-6f17d22bba15001f/anchor-lang-0.29.0/src/context.rs:24:42\u001b[0m\n\u001b[0m   \u001b[0m\u001b[0m\u001b[1m\u001b[38;5;12m|\u001b[0m\n\u001b[0m\u001b[1m\u001b[38;5;12m24\u001b[0m\u001b[0m \u001b[0m\u001b[0m\u001b[1m\u001b[38;5;12m|\u001b[0m\u001b[0m \u001b[0m\u001b[0mpub struct Context<'a, 'b, 'c, 'info, T: Bumps> {\u001b[0m\n\u001b[0m   \u001b[0m\u001b[0m\u001b[1m\u001b[38;5;12m|\u001b[0m\u001b[0m                                          \u001b[0m\u001b[0m\u001b[1m\u001b[38;5;10m^^^^^\u001b[0m\u001b[0m \u001b[0m\u001b[0m\u001b[1m\u001b[38;5;10mrequired by this bound in `Context`\u001b[0m\n\u001b[0m   \u001b[0m\u001b[0m\u001b[1m\u001b[38;5;12m= \u001b[0m\u001b[0m\u001b[1mnote\u001b[0m\u001b[0m: this error originates in the attribute macro `program` (in Nightly builds, run with -Z macro-backtrace for more info)\u001b[0m\n\n"}
{"$message_type":"diagnostic","message":"the trait bound `BuyShipTokens<'_>: anchor_lang::Accounts<'_, _>` is not satisfied","code":{"code":"E0277","explanation":"You tried to use a type which doesn't implement some trait in a place which\nexpected that trait.\n\nErroneous code example:\n\n```compile_fail,E0277\n// here we declare the Foo trait with a bar method\ntrait Foo {\n    fn bar(&self);\n}\n\n// we now declare a function which takes an object implementing the Foo trait\nfn some_func<T: Foo>(foo: T) {\n    foo.bar();\n}\n\nfn main() {\n    // we now call the method with the i32 type, which doesn't implement\n    // the Foo trait\n    some_func(5i32); // error: the trait bound `i32 : Foo` is not satisfied\n}\n```\n\nIn order to fix this error, verify that the type you're using does implement\nthe trait. Example:\n\n```\ntrait Foo {\n    fn bar(&self);\n}\n\n// we implement the trait on the i32 type\nimpl Foo for i32 {\n    fn bar(&self) {}\n}\n\nfn some_func<T: Foo>(foo: T) {\n    foo.bar(); // we can now use this method since i32 implements the\n               // Foo trait\n}\n\nfn main() {\n    some_func(5i32); // ok!\n}\n```\n\nOr in a generic context, an erroneous code example would look like:\n\n```compile_fail,E0277\nfn some_func<T>(foo: T) {\n    println!(\"{:?}\", foo); // error: the trait `core::fmt::Debug` is not\n                           //        implemented for the type `T`\n}\n\nfn main() {\n    // We now call the method with the i32 type,\n    // which *does* implement the Debug trait.\n    some_func(5i32);\n}\n```\n\nNote that the error here is in the definition of the generic function. Although\nwe only call it with a parameter that does implement `Debug`, the compiler\nstill rejects the function. It must work with all possible input types. In\norder to make this example compile, we need to restrict the generic type we're\naccepting:\n\n```\nuse std::fmt;\n\n// Restrict the input type to types that implement Debug.\nfn some_func<T: fmt::Debug>(foo: T) {\n    println!(\"{:?}\", foo);\n}\n\nfn main() {\n    // Calling the method is still fine, as i32 implements Debug.\n    some_func(5i32);\n\n    // This would fail to compile now:\n    // struct WithoutDebug;\n    // some_func(WithoutDebug);\n}\n```\n\nRust only looks at the signature of the called function, as such it must\nalready specify all requirements that will be used for every type parameter.\n"},"level":"error","spans":[{"file_name":"src/lib.rs","byte_start":278,"byte_end":288,"line_start":9,"line_end":9,"column_start":1,"column_end":11,"is_primary":true,"text":[{"text":"#[program]","highlight_start":1,"highlight_end":11}],"label":"the trait `anchor_lang::Accounts<'_, _>` is not implemented for `BuyShipTokens<'_>`","suggested_replacement":null,"suggestion_applicability":null,"expansion":{"span":{"file_name":"src/lib.rs","byte_start":278,"byte_end":288,"line_start":9,"line_end":9,"column_start":1,"column_end":11,"is_primary":false,"text":[{"text":"#[program]","highlight_start":1,"highlight_end":11}],"label":null,"suggested_replacement":null,"suggestion_applicability":null,"expansion":null},"macro_decl_name":"#[program]","def_site_span":{"file_name":"/usr/local/cargo/registry/src/index.crates.io-6f17d22bba15001f/anchor-attribute-program-0.29.0/src/lib.rs","byte_start":234,"byte_end":350,"line_start":9,"line_end":12,"column_start":1,"column_end":29,"is_primary":false,"text":[{"text":"pub fn program(","highlight_start":1,"highlight_end":16},{"text":"    _args: proc_macro::TokenStream,","highlight_start":1,"highlight_end":36},{"text":"    input: proc_macro::TokenStream,","highlight_start":1,"highlight_end":36},{"text":") -> proc_macro::TokenStream {","highlight_start":1,"highlight_end":29}],"label":null,"suggested_replacement":null,"suggestion_applicability":null,"expansion":null}}}],"children":[{"message":"the following other types implement trait `anchor_lang::Accounts<'info, B>`:\n  `AccountLoader<'info, T>` implements `anchor_lang::Accounts<'info, B>`\n  `Box<T>` implements `anchor_lang::Accounts<'info, B>`\n  `CreateNonceAccount<'info>` implements `anchor_lang::Accounts<'info, CreateNonceAccountBumps>`\n  `CreateNonceAccountWithSeed<'info>` implements `anchor_lang::Accounts<'info, CreateNonceAccountWithSeedBumps>`\n  `Initialize<'info>` implements `anchor_lang::Accounts<'info, InitializeBumps>`\n  `InitializePresale<'info>` implements `anchor_lang::Accounts<'info, InitializePresaleBumps>`\n  `Interface<'info, T>` implements `anchor_lang::Accounts<'info, B>`\n  `InterfaceAccount<'info, T>` implements `anchor_lang::Accounts<'info, B>`\nand 67 others","code":null,"level":"help","spans":[],"children":[],"rendered":null},{"message":"required by a bound in `anchor_lang::context::Context::<'a, 'b, 'c, 'info, T>::new`","code":null,"level":"note","spans":[{"file_name":"/usr/local/cargo/registry/src/index.crates.io-6f17d22bba15001f/anchor-lang-0.29.0/src/context.rs","byte_start":1981,"byte_end":1984,"line_start":57,"line_end":57,"column_start":12,"column_end":15,"is_primary":false,"text":[{"text":"    pub fn new(","highlight_start":12,"highlight_end":15}],"label":"required by a bound in this associated function","suggested_replacement":null,"suggestion_applicability":null,"expansion":null},{"file_name":"/usr/local/cargo/registry/src/index.crates.io-6f17d22bba15001f/anchor-lang-0.29.0/src/context.rs","byte_start":1941,"byte_end":1966,"line_start":55,"line_end":55,"column_start":16,"column_end":41,"is_primary":true,"text":[{"text":"    T: Bumps + Accounts<'info, T::Bumps>,","highlight_start":16,"highlight_end":41}],"label":"required by this bound in `Context::<'a, 'b, 'c, 'info, T>::new`","suggested_replacement":null,"suggestion_applicability":null,"expansion":null}],"children":[],"rendered":null}],"rendered":"\u001b[0m\u001b[1m\u001b[38;5;9merror[E0277]\u001b[0m\u001b[0m\u001b[1m: the trait bound `BuyShipTokens<'_>: anchor_lang::Accounts<'_, _>` is not satisfied\u001b[0m\n\u001b[0m  \u001b[0m\u001b[0m\u001b[1m\u001b[38;5;12m--> \u001b[0m\u001b[0msrc/lib.rs:9:1\u001b[0m\n\u001b[0m   \u001b[0m\u001b[0m\u001b[1m\u001b[38;5;12m|\u001b[0m\n\u001b[0m\u001b[1m\u001b[38;5;12m9\u001b[0m\u001b[0m  \u001b[0m\u001b[0m\u001b[1m\u001b[38;5;12m|\u001b[0m\u001b[0m \u001b[0m\u001b[0m#[program]\u001b[0m\n\u001b[0m   \u001b[0m\u001b[0m\u001b[1m\u001b[38;5;12m|\u001b[0m\u001b[0m \u001b[0m\u001b[0m\u001b[1m\u001b[38;5;9m^^^^^^^^^^\u001b[0m\u001b[0m \u001b[0m\u001b[0m\u001b[1m\u001b[38;5;9mthe trait `anchor_lang::Accounts<'_, _>` is not implemented for `BuyShipTokens<'_>`\u001b[0m\n\u001b[0m   \u001b[0m\u001b[0m\u001b[1m\u001b[38;5;12m|\u001b[0m\n\u001b[0m   \u001b[0m\u001b[0m\u001b[1m\u001b[38;5;12m= \u001b[0m\u001b[0m\u001b[1mhelp\u001b[0m\u001b[0m: the following other types implement trait `anchor_lang::Accounts<'info, B>`:\u001b[0m\n\u001b[0m             `AccountLoader<'info, T>` implements `anchor_lang::Accounts<'info, B>`\u001b[0m\n\u001b[0m             `Box<T>` implements `anchor_lang::Accounts<'info, B>`\u001b[0m\n\u001b[0m             `CreateNonceAccount<'info>` implements `anchor_lang::Accounts<'info, CreateNonceAccountBumps>`\u001b[0m\n\u001b[0m             `CreateNonceAccountWithSeed<'info>` implements `anchor_lang::Accounts<'info, CreateNonceAccountWithSeedBumps>`\u001b[0m\n\u001b[0m             `Initialize<'info>` implements `anchor_lang::Accounts<'info, InitializeBumps>`\u001b[0m\n\u001b[0m             `InitializePresale<'info>` implements `anchor_lang::Accounts<'info, InitializePresaleBumps>`\u001b[0m\n\u001b[0m             `Interface<'info, T>` implements `anchor_lang::Accounts<'info, B>`\u001b[0m\n\u001b[0m             `InterfaceAccount<'info, T>` implements `anchor_lang::Accounts<'info, B>`\u001b[0m\n\u001b[0m           and 67 others\u001b[0m\n\u001b[0m\u001b[1m\u001b[38;5;10mnote\u001b[0m\u001b[0m: required by a bound in `anchor_lang::context::Context::<'a, 'b, 'c, 'info, T>::new`\u001b[0m\n\u001b[0m  \u001b[0m\u001b[0m\u001b[1m\u001b[38;5;12m--> \u001b[0m\u001b[0m/usr/local/cargo/registry/src/index.crates.io-6f17d22bba15001f/anchor-lang-0.29.0/src/context.rs:55:16\u001b[0m\n\u001b[0m   \u001b[0m\u001b[0m\u001b[1m\u001b[38;5;12m|\u001b[0m\n\u001b[0m\u001b[1m\u001b[38;5;12m55\u001b[0m\u001b[0m \u001b[0m\u001b[0m\u001b[1m\u001b[38;5;12m|\u001b[0m\u001b[0m \u001b[0m\u001b[0m    T: Bumps + Accounts<'info, T::Bumps>,\u001b[0m\n\u001b[0m   \u001b[0m\u001b[0m\u001b[1m\u001b[38;5;12m|\u001b[0m\u001b[0m                \u001b[0m\u001b[0m\u001b[1m\u001b[38;5;10m^^^^^^^^^^^^^^^^^^^^^^^^^\u001b[0m\u001b[0m \u001b[0m\u001b[0m\u001b[1m\u001b[38;5;10mrequired by this bound in `Context::<'a, 'b, 'c, 'info, T>::new`\u001b[0m\n\u001b[0m\u001b[1m\u001b[38;5;12m56\u001b[0m\u001b[0m \u001b[0m\u001b[0m\u001b[1m\u001b[38;5;12m|\u001b[0m\u001b[0m \u001b[0m\u001b[0m{\u001b[0m\n\u001b[0m\u001b[1m\u001b[38;5;12m57\u001b[0m\u001b[0m \u001b[0m\u001b[0m\u001b[1m\u001b[38;5;12m|\u001b[0m\u001b[0m \u001b[0m\u001b[0m    pub fn new(\u001b[0m\n\u001b[0m   \u001b[0m\u001b[0m\u001b[1m\u001b[38;5;12m|\u001b[0m\u001b[0m            \u001b[0m\u001b[0m\u001b[1m\u001b[38;5;12m---\u001b[0m\u001b[0m \u001b[0m\u001b[0m\u001b[1m\u001b[38;5;12mrequired by a bound in this associated function\u001b[0m\n\u001b[0m   \u001b[0m\u001b[0m\u001b[1m\u001b[38;5;12m= \u001b[0m\u001b[0m\u001b[1mnote\u001b[0m\u001b[0m: this error originates in the attribute macro `program` (in Nightly builds, run with -Z macro-backtrace for more info)\u001b[0m\n\n"}
{"$message_type":"diagnostic","message":"the trait bound `CreateGame<'_>: Bumps` is not satisfied","code":{"code":"E0277","explanation":"You tried to use a type which doesn't implement some trait in a place which\nexpected that trait.\n\nErroneous code example:\n\n```compile_fail,E0277\n// here we declare the Foo trait with a bar method\ntrait Foo {\n    fn bar(&self);\n}\n\n// we now declare a function which takes an object implementing the Foo trait\nfn some_func<T: Foo>(foo: T) {\n    foo.bar();\n}\n\nfn main() {\n    // we now call the method with the i32 type, which doesn't implement\n    // the Foo trait\n    some_func(5i32); // error: the trait bound `i32 : Foo` is not satisfied\n}\n```\n\nIn order to fix this error, verify that the type you're using does implement\nthe trait. Example:\n\n```\ntrait Foo {\n    fn bar(&self);\n}\n\n// we implement the trait on the i32 type\nimpl Foo for i32 {\n    fn bar(&self) {}\n}\n\nfn some_func<T: Foo>(foo: T) {\n    foo.bar(); // we can now use this method since i32 implements the\n               // Foo trait\n}\n\nfn main() {\n    some_func(5i32); // ok!\n}\n```\n\nOr in a generic context, an erroneous code example would look like:\n\n```compile_fail,E0277\nfn some_func<T>(foo: T) {\n    println!(\"{:?}\", foo); // error: the trait `core::fmt::Debug` is not\n                           //        implemented for the type `T`\n}\n\nfn main() {\n    // We now call the method with the i32 type,\n    // which *does* implement the Debug trait.\n    some_func(5i32);\n}\n```\n\nNote that the error here is in the definition of the generic function. Although\nwe only call it with a parameter that does implement `Debug`, the compiler\nstill rejects the function. It must work with all possible input types. In\norder to make this example compile, we need to restrict the generic type we're\naccepting:\n\n```\nuse std::fmt;\n\n// Restrict the input type to types that implement Debug.\nfn some_func<T: fmt::Debug>(foo: T) {\n    println!(\"{:?}\", foo);\n}\n\nfn main() {\n    // Calling the method is still fine, as i32 implements Debug.\n    some_func(5i32);\n\n    // This would fail to compile now:\n    // struct WithoutDebug;\n    // some_func(WithoutDebug);\n}\n```\n\nRust only looks at the signature of the called function, as such it must\nalready specify all requirements that will be used for every type parameter.\n"},"level":"error","spans":[{"file_name":"src/lib.rs","byte_start":3658,"byte_end":3668,"line_start":104,"line_end":104,"column_start":22,"column_end":32,"is_primary":true,"text":[{"text":"        ctx: Context<CreateGame>,","highlight_start":22,"highlight_end":32}],"label":"the trait `Bumps` is not implemented for `CreateGame<'_>`","suggested_replacement":null,"suggestion_applicability":null,"expansion":null}],"children":[{"message":"the following other types implement trait `Bumps`:\n  CreateNonceAccount<'info>\n  CreateNonceAccountWithSeed<'info>\n  Initialize<'info>\n  InitializePresale<'info>\n  JoinGame<'info>\n  PauseGames<'info>\n  ResumeGames<'info>\n  RevealAndFinalize<'info>\nand 54 others","code":null,"level":"help","spans":[],"children":[],"rendered":null}],"rendered":"\u001b[0m\u001b[1m\u001b[38;5;9merror[E0277]\u001b[0m\u001b[0m\u001b[1m: the trait bound `CreateGame<'_>: Bumps` is not satisfied\u001b[0m\n\u001b[0m   \u001b[0m\u001b[0m\u001b[1m\u001b[38;5;12m--> \u001b[0m\u001b[0msrc/lib.rs:104:22\u001b[0m\n\u001b[0m    \u001b[0m\u001b[0m\u001b[1m\u001b[38;5;12m|\u001b[0m\n\u001b[0m\u001b[1m\u001b[38;5;12m104\u001b[0m\u001b[0m \u001b[0m\u001b[0m\u001b[1m\u001b[38;5;12m|\u001b[0m\u001b[0m \u001b[0m\u001b[0m        ctx: Context<CreateGame>,\u001b[0m\n\u001b[0m    \u001b[0m\u001b[0m\u001b[1m\u001b[38;5;12m|\u001b[0m\u001b[0m                      \u001b[0m\u001b[0m\u001b[1m\u001b[38;5;9m^^^^^^^^^^\u001b[0m\u001b[0m \u001b[0m\u001b[0m\u001b[1m\u001b[38;5;9mthe trait `Bumps` is not implemented for `CreateGame<'_>`\u001b[0m\n\u001b[0m    \u001b[0m\u001b[0m\u001b[1m\u001b[38;5;12m|\u001b[0m\n\u001b[0m    \u001b[0m\u001b[0m\u001b[1m\u001b[38;5;12m= \u001b[0m\u001b[0m\u001b[1mhelp\u001b[0m\u001b[0m: the following other types implement trait `Bumps`:\u001b[0m\n\u001b[0m              CreateNonceAccount<'info>\u001b[0m\n\u001b[0m              CreateNonceAccountWithSeed<'info>\u001b[0m\n\u001b[0m              Initialize<'info>\u001b[0m\n\u001b[0m              InitializePresale<'info>\u001b[0m\n\u001b[0m              JoinGame<'info>\u001b[0m\n\u001b[0m              PauseGames<'info>\u001b[0m\n\u001b[0m              ResumeGames<'info>\u001b[0m\n\u001b[0m              RevealAndFinalize<'info>\u001b[0m\n\u001b[0m            and 54 others\u001b[0m\n\n"}
{"$message_type":"diagnostic","message":"no function or associated item named `try_accounts` found for struct `CreateGame` in the current scope","code":{"code":"E0599","explanation":"This error occurs when a method is used on a type which doesn't implement it:\n\nErroneous code example:\n\n```compile_fail,E0599\nstruct Mouth;\n\nlet x = Mouth;\nx.chocolate(); // error: no method named `chocolate` found for type `Mouth`\n               //        in the current scope\n```\n\nIn this case, you need to implement the `chocolate` method to fix the error:\n\n```\nstruct Mouth;\n\nimpl Mouth {\n    fn chocolate(&self) { // We implement the `chocolate` method here.\n        println!(\"Hmmm! I love chocolate!\");\n    }\n}\n\nlet x = Mouth;\nx.chocolate(); // ok!\n```\n"},"level":"error","spans":[{"file_name":"src/lib.rs","byte_start":278,"byte_end":288,"line_start":9,"line_end":9,"column_start":1,"column_end":11,"is_primary":true,"text":[{"text":"#[program]","highlight_start":1,"highlight_end":11}],"label":"function or associated item not found in `CreateGame<'_>`","suggested_replacement":null,"suggestion_applicability":null,"expansion":{"span":{"file_name":"src/lib.rs","byte_start":278,"byte_end":288,"line_start":9,"line_end":9,"column_start":1,"column_end":11,"is_primary":false,"text":[{"text":"#[program]","highlight_start":1,"highlight_end":11}],"label":null,"suggested_replacement":null,"suggestion_applicability":null,"expansion":null},"macro_decl_name":"#[program]","def_site_span":{"file_name":"/usr/local/cargo/registry/src/index.crates.io-6f17d22bba15001f/anchor-attribute-program-0.29.0/src/lib.rs","byte_start":234,"byte_end":350,"line_start":9,"line_end":12,"column_start":1,"column_end":29,"is_primary":false,"text":[{"text":"pub fn program(","highlight_start":1,"highlight_end":16},{"text":"    _args: proc_macro::TokenStream,","highlight_start":1,"highlight_end":36},{"text":"    input: proc_macro::TokenStream,","highlight_start":1,"highlight_end":36},{"text":") -> proc_macro::TokenStream {","highlight_start":1,"highlight_end":29}],"label":null,"suggested_replacement":null,"suggestion_applicability":null,"expansion":null}}},{"file_name":"src/lib.rs","byte_start":15575,"byte_end":15603,"line_start":472,"line_end":472,"column_start":1,"column_end":29,"is_primary":false,"text":[{"text":"pub struct CreateGame<'info> {","highlight_start":1,"highlight_end":29}],"label":"function or associated item `try_accounts` not found for this struct","suggested_replacement":null,"suggestion_applicability":null,"expansion":null}],"children":[{"message":"items from traits can only be used if the trait is implemented and in scope","code":null,"level":"help","spans":[],"children":[],"rendered":null},{"message":"the following trait defines an item `try_accounts`, perhaps you need to implement it:\ncandidate #1: `anchor_lang::Accounts`","code":null,"level":"note","spans":[],"children":[],"rendered":null},{"message":"there is a method `try_into` with a similar name, but with different arguments","code":null,"level":"help","spans":[{"file_name":"/rustc/f6e511eec7342f59a25f7c0534f1dbea00d01b14/library/core/src/convert/mod.rs","byte_start":23680,"byte_end":23724,"line_start":611,"line_end":611,"column_start":5,"column_end":49,"is_primary":true,"text":[],"label":null,"suggested_replacement":null,"suggestion_applicability":null,"expansion":null}],"children":[],"rendered":null}],"rendered":"\u001b[0m\u001b[1m\u001b[38;5;9merror[E0599]\u001b[0m\u001b[0m\u001b[1m: no function or associated item named `try_accounts` found for struct `CreateGame` in the current scope\u001b[0m\n\u001b[0m   \u001b[0m\u001b[0m\u001b[1m\u001b[38;5;12m--> \u001b[0m\u001b[0msrc/lib.rs:9:1\u001b[0m\n\u001b[0m    \u001b[0m\u001b[0m\u001b[1m\u001b[38;5;12m|\u001b[0m\n\u001b[0m\u001b[1m\u001b[38;5;12m9\u001b[0m\u001b[0m   \u001b[0m\u001b[0m\u001b[1m\u001b[38;5;12m|\u001b[0m\u001b[0m \u001b[0m\u001b[0m#[program]\u001b[0m\n\u001b[0m    \u001b[0m\u001b[0m\u001b[1m\u001b[38;5;12m|\u001b[0m\u001b[0m \u001b[0m\u001b[0m\u001b[1m\u001b[38;5;9m^^^^^^^^^^\u001b[0m\u001b[0m \u001b[0m\u001b[0m\u001b[1m\u001b[38;5;9mfunction or associated item not found in `CreateGame<'_>`\u001b[0m\n\u001b[0m\u001b[1m\u001b[38;5;12m...\u001b[0m\n\u001b[0m\u001b[1m\u001b[38;5;12m472\u001b[0m\u001b[0m \u001b[0m\u001b[0m\u001b[1m\u001b[38;5;12m|\u001b[0m\u001b[0m \u001b[0m\u001b[0mpub struct CreateGame<'info> {\u001b[0m\n\u001b[0m    \u001b[0m\u001b[0m\u001b[1m\u001b[38;5;12m|\u001b[0m\u001b[0m \u001b[0m\u001b[0m\u001b[1m\u001b[38;5;12m----------------------------\u001b[0m\u001b[0m \u001b[0m\u001b[0m\u001b[1m\u001b[38;5;12mfunction or associated item `try_accounts` not found for this struct\u001b[0m\n\u001b[0m    \u001b[0m\u001b[0m\u001b[1m\u001b[38;5;12m|\u001b[0m\n\u001b[0m    \u001b[0m\u001b[0m\u001b[1m\u001b[38;5;12m= \u001b[0m\u001b[0m\u001b[1mhelp\u001b[0m\u001b[0m: items from traits can only be used if the trait is implemented and in scope\u001b[0m\n\u001b[0m    \u001b[0m\u001b[0m\u001b[1m\u001b[38;5;12m= \u001b[0m\u001b[0m\u001b[1mnote\u001b[0m\u001b[0m: the following trait defines an item `try_accounts`, perhaps you need to implement it:\u001b[0m\n\u001b[0m            candidate #1: `anchor_lang::Accounts`\u001b[0m\n\u001b[0m\u001b[1m\u001b[38;5;14mhelp\u001b[0m\u001b[0m: there is a method `try_into` with a similar name, but with different arguments\u001b[0m\n\u001b[0m   \u001b[0m\u001b[0m\u001b[1m\u001b[38;5;12m--> \u001b[0m\u001b[0m/rustc/f6e511eec7342f59a25f7c0534f1dbea00d01b14/library/core/src/convert/mod.rs:611:5\u001b[0m\n\u001b[0m    \u001b[0m\u001b[0m\u001b[1m\u001b[38;5;12m= \u001b[0m\u001b[0m\u001b[1mnote\u001b[0m\u001b[0m: this error originates in the attribute macro `program` (in Nightly builds, run with -Z macro-backtrace for more info)\u001b[0m\n\n"}
{"$message_type":"diagnostic","message":"the trait bound `CreateGame<'_>: Bumps` is not satisfied","code":{"code":"E0277","explanation":"You tried to use a type which doesn't implement some trait in a place which\nexpected that trait.\n\nErroneous code example:\n\n```compile_fail,E0277\n// here we declare the Foo trait with a bar method\ntrait Foo {\n    fn bar(&self);\n}\n\n// we now declare a function which takes an object implementing the Foo trait\nfn some_func<T: Foo>(foo: T) {\n    foo.bar();\n}\n\nfn main() {\n    // we now call the method with the i32 type, which doesn't implement\n    // the Foo trait\n    some_func(5i32); // error: the trait bound `i32 : Foo` is not satisfied\n}\n```\n\nIn order to fix this error, verify that the type you're using does implement\nthe trait. Example:\n\n```\ntrait Foo {\n    fn bar(&self);\n}\n\n// we implement the trait on the i32 type\nimpl Foo for i32 {\n    fn bar(&self) {}\n}\n\nfn some_func<T: Foo>(foo: T) {\n    foo.bar(); // we can now use this method since i32 implements the\n               // Foo trait\n}\n\nfn main() {\n    some_func(5i32); // ok!\n}\n```\n\nOr in a generic context, an erroneous code example would look like:\n\n```compile_fail,E0277\nfn some_func<T>(foo: T) {\n    println!(\"{:?}\", foo); // error: the trait `core::fmt::Debug` is not\n                           //        implemented for the type `T`\n}\n\nfn main() {\n    // We now call the method with the i32 type,\n    // which *does* implement the Debug trait.\n    some_func(5i32);\n}\n```\n\nNote that the error here is in the definition of the generic function. Although\nwe only call it with a parameter that does implement `Debug`, the compiler\nstill rejects the function. It must work with all possible input types. In\norder to make this example compile, we need to restrict the generic type we're\naccepting:\n\n```\nuse std::fmt;\n\n// Restrict the input type to types that implement Debug.\nfn some_func<T: fmt::Debug>(foo: T) {\n    println!(\"{:?}\", foo);\n}\n\nfn main() {\n    // Calling the method is still fine, as i32 implements Debug.\n    some_func(5i32);\n\n    // This would fail to compile now:\n    // struct WithoutDebug;\n    // some_func(WithoutDebug);\n}\n```\n\nRust only looks at the signature of the called function, as such it must\nalready specify all requirements that will be used for every type parameter.\n"},"level":"error","spans":[{"file_name":"src/lib.rs","byte_start":278,"byte_end":288,"line_start":9,"line_end":9,"column_start":1,"column_end":11,"is_primary":true,"text":[{"text":"#[program]","highlight_start":1,"highlight_end":11}],"label":"the trait `Bumps` is not implemented for `CreateGame<'_>`","suggested_replacement":null,"suggestion_applicability":null,"expansion":{"span":{"file_name":"src/lib.rs","byte_start":278,"byte_end":288,"line_start":9,"line_end":9,"column_start":1,"column_end":11,"is_primary":false,"text":[{"text":"#[program]","highlight_start":1,"highlight_end":11}],"label":null,"suggested_replacement":null,"suggestion_applicability":null,"expansion":null},"macro_decl_name":"#[program]","def_site_span":{"file_name":"/usr/local/cargo/registry/src/index.crates.io-6f17d22bba15001f/anchor-attribute-program-0.29.0/src/lib.rs","byte_start":234,"byte_end":350,"line_start":9,"line_end":12,"column_start":1,"column_end":29,"is_primary":false,"text":[{"text":"pub fn program(","highlight_start":1,"highlight_end":16},{"text":"    _args: proc_macro::TokenStream,","highlight_start":1,"highlight_end":36},{"text":"    input: proc_macro::TokenStream,","highlight_start":1,"highlight_end":36},{"text":") -> proc_macro::TokenStream {","highlight_start":1,"highlight_end":29}],"label":null,"suggested_replacement":null,"suggestion_applicability":null,"expansion":null}}}],"children":[{"message":"the following other types implement trait `Bumps`:\n  CreateNonceAccount<'info>\n  CreateNonceAccountWithSeed<'info>\n  Initialize<'info>\n  InitializePresale<'info>\n  JoinGame<'info>\n  PauseGames<'info>\n  ResumeGames<'info>\n  RevealAndFinalize<'info>\nand 54 others","code":null,"level":"help","spans":[],"children":[],"rendered":null},{"message":"required by a bound in `anchor_lang::context::Context`","code":null,"level":"note","spans":[{"file_name":"/usr/local/cargo/registry/src/index.crates.io-6f17d22bba15001f/anchor-lang-0.29.0/src/context.rs","byte_start":826,"byte_end":831,"line_start":24,"line_end":24,"column_start":42,"column_end":47,"is_primary":true,"text":[{"text":"pub struct Context<'a, 'b, 'c, 'info, T: Bumps> {","highlight_start":42,"highlight_end":47}],"label":"required by this bound in `Context`","suggested_replacement":null,"suggestion_applicability":null,"expansion":null}],"children":[],"rendered":null}],"rendered":"\u001b[0m\u001b[1m\u001b[38;5;9merror[E0277]\u001b[0m\u001b[0m\u001b[1m: the trait bound `CreateGame<'_>: Bumps` is not satisfied\u001b[0m\n\u001b[0m  \u001b[0m\u001b[0m\u001b[1m\u001b[38;5;12m--> \u001b[0m\u001b[0msrc/lib.rs:9:1\u001b[0m\n\u001b[0m   \u001b[0m\u001b[0m\u001b[1m\u001b[38;5;12m|\u001b[0m\n\u001b[0m\u001b[1m\u001b[38;5;12m9\u001b[0m\u001b[0m  \u001b[0m\u001b[0m\u001b[1m\u001b[38;5;12m|\u001b[0m\u001b[0m \u001b[0m\u001b[0m#[program]\u001b[0m\n\u001b[0m   \u001b[0m\u001b[0m\u001b[1m\u001b[38;5;12m|\u001b[0m\u001b[0m \u001b[0m\u001b[0m\u001b[1m\u001b[38;5;9m^^^^^^^^^^\u001b[0m\u001b[0m \u001b[0m\u001b[0m\u001b[1m\u001b[38;5;9mthe trait `Bumps` is not implemented for `CreateGame<'_>`\u001b[0m\n\u001b[0m   \u001b[0m\u001b[0m\u001b[1m\u001b[38;5;12m|\u001b[0m\n\u001b[0m   \u001b[0m\u001b[0m\u001b[1m\u001b[38;5;12m= \u001b[0m\u001b[0m\u001b[1mhelp\u001b[0m\u001b[0m: the following other types implement trait `Bumps`:\u001b[0m\n\u001b[0m             CreateNonceAccount<'info>\u001b[0m\n\u001b[0m             CreateNonceAccountWithSeed<'info>\u001b[0m\n\u001b[0m             Initialize<'info>\u001b[0m\n\u001b[0m             InitializePresale<'info>\u001b[0m\n\u001b[0m             JoinGame<'info>\u001b[0m\n\u001b[0m             PauseGames<'info>\u001b[0m\n\u001b[0m             ResumeGames<'info>\u001b[0m\n\u001b[0m             RevealAndFinalize<'info>\u001b[0m\n\u001b[0m           and 54 others\u001b[0m\n\u001b[0m\u001b[1m\u001b[38;5;10mnote\u001b[0m\u001b[0m: required by a bound in `anchor_lang::context::Context`\u001b[0m\n\u001b[0m  \u001b[0m\u001b[0m\u001b[1m\u001b[38;5;12m--> \u001b[0m\u001b[0m/usr/local/cargo/registry/src/index.crates.io-6f17d22bba15001f/anchor-lang-0.29.0/src/context.rs:24:42\u001b[0m\n\u001b[0m   \u001b[0m\u001b[0m\u001b[1m\u001b[38;5;12m|\u001b[0m\n\u001b[0m\u001b[1m\u001b[38;5;12m24\u001b[0m\u001b[0m \u001b[0m\u001b[0m\u001b[1m\u001b[38;5;12m|\u001b[0m\u001b[0m \u001b[0m\u001b[0mpub struct Context<'a, 'b, 'c, 'info, T: Bumps> {\u001b[0m\n\u001b[0m   \u001b[0m\u001b[0m\u001b[1m\u001b[38;5;12m|\u001b[0m\u001b[0m                                          \u001b[0m\u001b[0m\u001b[1m\u001b[38;5;10m^^^^^\u001b[0m\u001b[0m \u001b[0m\u001b[0m\u001b[1m\u001b[38;5;10mrequired by this bound in `Context`\u001b[0m\n\u001b[0m   \u001b[0m\u001b[0m\u001b[1m\u001b[38;5;12m= \u001b[0m\u001b[0m\u001b[1mnote\u001b[0m\u001b[0m: this error originates in the attribute macro `program` (in Nightly builds, run with -Z macro-backtrace for more info)\u001b[0m\n\n"}
{"$message_type":"diagnostic","message":"the trait bound `CreateGame<'_>: anchor_lang::Accounts<'_, _>` is not satisfied","code":{"code":"E0277","explanation":"You tried to use a type which doesn't implement some trait in a place which\nexpected that trait.\n\nErroneous code example:\n\n```compile_fail,E0277\n// here we declare the Foo trait with a bar method\ntrait Foo {\n    fn bar(&self);\n}\n\n// we now declare a function which takes an object implementing the Foo trait\nfn some_func<T: Foo>(foo: T) {\n    foo.bar();\n}\n\nfn main() {\n    // we now call the method with the i32 type, which doesn't implement\n    // the Foo trait\n    some_func(5i32); // error: the trait bound `i32 : Foo` is not satisfied\n}\n```\n\nIn order to fix this error, verify that the type you're using does implement\nthe trait. Example:\n\n```\ntrait Foo {\n    fn bar(&self);\n}\n\n// we implement the trait on the i32 type\nimpl Foo for i32 {\n    fn bar(&self) {}\n}\n\nfn some_func<T: Foo>(foo: T) {\n    foo.bar(); // we can now use this method since i32 implements the\n               // Foo trait\n}\n\nfn main() {\n    some_func(5i32); // ok!\n}\n```\n\nOr in a generic context, an erroneous code example would look like:\n\n```compile_fail,E0277\nfn some_func<T>(foo: T) {\n    println!(\"{:?}\", foo); // error: the trait `core::fmt::Debug` is not\n                           //        implemented for the type `T`\n}\n\nfn main() {\n    // We now call the method with the i32 type,\n    // which *does* implement the Debug trait.\n    some_func(5i32);\n}\n```\n\nNote that the error here is in the definition of the generic function. Although\nwe only call it with a parameter that does implement `Debug`, the compiler\nstill rejects the function. It must work with all possible input types. In\norder to make this example compile, we need to restrict the generic type we're\naccepting:\n\n```\nuse std::fmt;\n\n// Restrict the input type to types that implement Debug.\nfn some_func<T: fmt::Debug>(foo: T) {\n    println!(\"{:?}\", foo);\n}\n\nfn main() {\n    // Calling the method is still fine, as i32 implements Debug.\n    some_func(5i32);\n\n    // This would fail to compile now:\n    // struct WithoutDebug;\n    // some_func(WithoutDebug);\n}\n```\n\nRust only looks at the signature of the called function, as such it must\nalready specify all requirements that will be used for every type parameter.\n"},"level":"error","spans":[{"file_name":"src/lib.rs","byte_start":278,"byte_end":288,"line_start":9,"line_end":9,"column_start":1,"column_end":11,"is_primary":true,"text":[{"text":"#[program]","highlight_start":1,"highlight_end":11}],"label":"the trait `anchor_lang::Accounts<'_, _>` is not implemented for `CreateGame<'_>`","suggested_replacement":null,"suggestion_applicability":null,"expansion":{"span":{"file_name":"src/lib.rs","byte_start":278,"byte_end":288,"line_start":9,"line_end":9,"column_start":1,"column_end":11,"is_primary":false,"text":[{"text":"#[program]","highlight_start":1,"highlight_end":11}],"label":null,"suggested_replacement":null,"suggestion_applicability":null,"expansion":null},"macro_decl_name":"#[program]","def_site_span":{"file_name":"/usr/local/cargo/registry/src/index.crates.io-6f17d22bba15001f/anchor-attribute-program-0.29.0/src/lib.rs","byte_start":234,"byte_end":350,"line_start":9,"line_end":12,"column_start":1,"column_end":29,"is_primary":false,"text":[{"text":"pub fn program(","highlight_start":1,"highlight_end":16},{"text":"    _args: proc_macro::TokenStream,","highlight_start":1,"highlight_end":36},{"text":"    input: proc_macro::TokenStream,","highlight_start":1,"highlight_end":36},{"text":") -> proc_macro::TokenStream {","highlight_start":1,"highlight_end":29}],"label":null,"suggested_replacement":null,"suggestion_applicability":null,"expansion":null}}}],"children":[{"message":"the following other types implement trait `anchor_lang::Accounts<'info, B>`:\n  `AccountLoader<'info, T>` implements `anchor_lang::Accounts<'info, B>`\n  `Box<T>` implements `anchor_lang::Accounts<'info, B>`\n  `CreateNonceAccount<'info>` implements `anchor_lang::Accounts<'info, CreateNonceAccountBumps>`\n  `CreateNonceAccountWithSeed<'info>` implements `anchor_lang::Accounts<'info, CreateNonceAccountWithSeedBumps>`\n  `Initialize<'info>` implements `anchor_lang::Accounts<'info, InitializeBumps>`\n  `InitializePresale<'info>` implements `anchor_lang::Accounts<'info, InitializePresaleBumps>`\n  `Interface<'info, T>` implements `anchor_lang::Accounts<'info, B>`\n  `InterfaceAccount<'info, T>` implements `anchor_lang::Accounts<'info, B>`\nand 67 others","code":null,"level":"help","spans":[],"children":[],"rendered":null},{"message":"required by a bound in `anchor_lang::context::Context::<'a, 'b, 'c, 'info, T>::new`","code":null,"level":"note","spans":[{"file_name":"/usr/local/cargo/registry/src/index.crates.io-6f17d22bba15001f/anchor-lang-0.29.0/src/context.rs","byte_start":1981,"byte_end":1984,"line_start":57,"line_end":57,"column_start":12,"column_end":15,"is_primary":false,"text":[{"text":"    pub fn new(","highlight_start":12,"highlight_end":15}],"label":"required by a bound in this associated function","suggested_replacement":null,"suggestion_applicability":null,"expansion":null},{"file_name":"/usr/local/cargo/registry/src/index.crates.io-6f17d22bba15001f/anchor-lang-0.29.0/src/context.rs","byte_start":1941,"byte_end":1966,"line_start":55,"line_end":55,"column_start":16,"column_end":41,"is_primary":true,"text":[{"text":"    T: Bumps + Accounts<'info, T::Bumps>,","highlight_start":16,"highlight_end":41}],"label":"required by this bound in `Context::<'a, 'b, 'c, 'info, T>::new`","suggested_replacement":null,"suggestion_applicability":null,"expansion":null}],"children":[],"rendered":null}],"rendered":"\u001b[0m\u001b[1m\u001b[38;5;9merror[E0277]\u001b[0m\u001b[0m\u001b[1m: the trait bound `CreateGame<'_>: anchor_lang::Accounts<'_, _>` is not satisfied\u001b[0m\n\u001b[0m  \u001b[0m\u001b[0m\u001b[1m\u001b[38;5;12m--> \u001b[0m\u001b[0msrc/lib.rs:9:1\u001b[0m\n\u001b[0m   \u001b[0m\u001b[0m\u001b[1m\u001b[38;5;12m|\u001b[0m\n\u001b[0m\u001b[1m\u001b[38;5;12m9\u001b[0m\u001b[0m  \u001b[0m\u001b[0m\u001b[1m\u001b[38;5;12m|\u001b[0m\u001b[0m \u001b[0m\u001b[0m#[program]\u001b[0m\n\u001b[0m   \u001b[0m\u001b[0m\u001b[1m\u001b[38;5;12m|\u001b[0m\u001b[0m \u001b[0m\u001b[0m\u001b[1m\u001b[38;5;9m^^^^^^^^^^\u001b[0m\u001b[0m \u001b[0m\u001b[0m\u001b[1m\u001b[38;5;9mthe trait `anchor_lang::Accounts<'_, _>` is not implemented for `CreateGame<'_>`\u001b[0m\n\u001b[0m   \u001b[0m\u001b[0m\u001b[1m\u001b[38;5;12m|\u001b[0m\n\u001b[0m   \u001b[0m\u001b[0m\u001b[1m\u001b[38;5;12m= \u001b[0m\u001b[0m\u001b[1mhelp\u001b[0m\u001b[0m: the following other types implement trait `anchor_lang::Accounts<'info, B>`:\u001b[0m\n\u001b[0m             `AccountLoader<'info, T>` implements `anchor_lang::Accounts<'info, B>`\u001b[0m\n\u001b[0m             `Box<T>` implements `anchor_lang::Accounts<'info, B>`\u001b[0m\n\u001b[0m             `CreateNonceAccount<'info>` implements `anchor_lang::Accounts<'info, CreateNonceAccountBumps>`\u001b[0m\n\u001b[0m             `CreateNonceAccountWithSeed<'info>` implements `anchor_lang::Accounts<'info, CreateNonceAccountWithSeedBumps>`\u001b[0m\n\u001b[0m             `Initialize<'info>` implements `anchor_lang::Accounts<'info, InitializeBumps>`\u001b[0m\n\u001b[0m             `InitializePresale<'info>` implements `anchor_lang::Accounts<'info, InitializePresaleBumps>`\u001b[0m\n\u001b[0m             `Interface<'info, T>` implements `anchor_lang::Accounts<'info, B>`\u001b[0m\n\u001b[0m             `InterfaceAccount<'info, T>` implements `anchor_lang::Accounts<'info, B>`\u001b[0m\n\u001b[0m           and 67 others\u001b[0m\n\u001b[0m\u001b[1m\u001b[38;5;10mnote\u001b[0m\u001b[0m: required by a bound in `anchor_lang::context::Context::<'a, 'b, 'c, 'info, T>::new`\u001b[0m\n\u001b[0m  \u001b[0m\u001b[0m\u001b[1m\u001b[38;5;12m--> \u001b[0m\u001b[0m/usr/local/cargo/registry/src/index.crates.io-6f17d22bba15001f/anchor-lang-0.29.0/src/context.rs:55:16\u001b[0m\n\u001b[0m   \u001b[0m\u001b[0m\u001b[1m\u001b[38;5;12m|\u001b[0m\n\u001b[0m\u001b[1m\u001b[38;5;12m55\u001b[0m\u001b[0m \u001b[0m\u001b[0m\u001b[1m\u001b[38;5;12m|\u001b[0m\u001b[0m \u001b[0m\u001b[0m    T: Bumps + Accounts<'info, T::Bumps>,\u001b[0m\n\u001b[0m   \u001b[0m\u001b[0m\u001b[1m\u001b[38;5;12m|\u001b[0m\u001b[0m                \u001b[0m\u001b[0m\u001b[1m\u001b[38;5;10m^^^^^^^^^^^^^^^^^^^^^^^^^\u001b[0m\u001b[0m \u001b[0m\u001b[0m\u001b[1m\u001b[38;5;10mrequired by this bound in `Context::<'a, 'b, 'c, 'info, T>::new`\u001b[0m\n\u001b[0m\u001b[1m\u001b[38;5;12m56\u001b[0m\u001b[0m \u001b[0m\u001b[0m\u001b[1m\u001b[38;5;12m|\u001b[0m\u001b[0m \u001b[0m\u001b[0m{\u001b[0m\n\u001b[0m\u001b[1m\u001b[38;5;12m57\u001b[0m\u001b[0m \u001b[0m\u001b[0m\u001b[1m\u001b[38;5;12m|\u001b[0m\u001b[0m \u001b[0m\u001b[0m    pub fn new(\u001b[0m\n\u001b[0m   \u001b[0m\u001b[0m\u001b[1m\u001b[38;5;12m|\u001b[0m\u001b[0m            \u001b[0m\u001b[0m\u001b[1m\u001b[38;5;12m---\u001b[0m\u001b[0m \u001b[0m\u001b[0m\u001b[1m\u001b[38;5;12mrequired by a bound in this associated function\u001b[0m\n\u001b[0m   \u001b[0m\u001b[0m\u001b[1m\u001b[38;5;12m= \u001b[0m\u001b[0m\u001b[1mnote\u001b[0m\u001b[0m: this error originates in the attribute macro `program` (in Nightly builds, run with -Z macro-backtrace for more info)\u001b[0m\n\n"}
{"$message_type":"diagnostic","message":"no method named `get` found for struct `InitializeBumps` in the current scope","code":{"code":"E0599","explanation":"This error occurs when a method is used on a type which doesn't implement it:\n\nErroneous code example:\n\n```compile_fail,E0599\nstruct Mouth;\n\nlet x = Mouth;\nx.chocolate(); // error: no method named `chocolate` found for type `Mouth`\n               //        in the current scope\n```\n\nIn this case, you need to implement the `chocolate` method to fix the error:\n\n```\nstruct Mouth;\n\nimpl Mouth {\n    fn chocolate(&self) { // We implement the `chocolate` method here.\n        println!(\"Hmmm! I love chocolate!\");\n    }\n}\n\nlet x = Mouth;\nx.chocolate(); // ok!\n```\n"},"level":"error","spans":[{"file_name":"src/lib.rs","byte_start":771,"byte_end":774,"line_start":21,"line_end":21,"column_start":39,"column_end":42,"is_primary":true,"text":[{"text":"        game_config.bump = *ctx.bumps.get(\"game_config\").unwrap();","highlight_start":39,"highlight_end":42}],"label":"this is an associated function, not a method","suggested_replacement":null,"suggestion_applicability":null,"expansion":null},{"file_name":"src/lib.rs","byte_start":13576,"byte_end":13584,"line_start":398,"line_end":398,"column_start":10,"column_end":18,"is_primary":false,"text":[{"text":"#[derive(Accounts)]","highlight_start":10,"highlight_end":18}],"label":"method `get` not found for this struct","suggested_replacement":null,"suggestion_applicability":null,"expansion":{"span":{"file_name":"src/lib.rs","byte_start":13576,"byte_end":13584,"line_start":398,"line_end":398,"column_start":10,"column_end":18,"is_primary":false,"text":[{"text":"#[derive(Accounts)]","highlight_start":10,"highlight_end":18}],"label":null,"suggested_replacement":null,"suggestion_applicability":null,"expansion":null},"macro_decl_name":"#[derive(Accounts)]","def_site_span":{"file_name":"/usr/local/cargo/registry/src/index.crates.io-6f17d22bba15001f/anchor-derive-accounts-0.29.0/src/lib.rs","byte_start":29231,"byte_end":29297,"line_start":633,"line_end":633,"column_start":1,"column_end":67,"is_primary":false,"text":[{"text":"pub fn derive_anchor_deserialize(item: TokenStream) -> TokenStream {","highlight_start":1,"highlight_end":67}],"label":null,"suggested_replacement":null,"suggestion_applicability":null,"expansion":null}}}],"children":[{"message":"found the following associated functions; to be used as methods, functions must have a `self` parameter","code":null,"level":"note","spans":[],"children":[],"rendered":null},{"message":"the candidate is defined in the trait `anchor_lang::prelude::SolanaSysvar`","code":null,"level":"note","spans":[{"file_name":"/usr/local/cargo/registry/src/index.crates.io-6f17d22bba15001f/solana-program-1.18.26/src/sysvar/mod.rs","byte_start":6984,"byte_end":7022,"line_start":214,"line_end":214,"column_start":5,"column_end":43,"is_primary":true,"text":[{"text":"    fn get() -> Result<Self, ProgramError> {","highlight_start":5,"highlight_end":43}],"label":null,"suggested_replacement":null,"suggestion_applicability":null,"expansion":null}],"children":[],"rendered":null},{"message":"items from traits can only be used if the trait is implemented and in scope","code":null,"level":"help","spans":[],"children":[],"rendered":null},{"message":"the following traits define an item `get`, perhaps you need to implement one of them:\ncandidate #1: `SliceIndex`\ncandidate #2: `ZeroCopyAccessor`\ncandidate #3: `solana_program::account_info::Account`","code":null,"level":"note","spans":[],"children":[],"rendered":null},{"message":"use associated function syntax instead","code":null,"level":"help","spans":[{"file_name":"src/lib.rs","byte_start":761,"byte_end":789,"line_start":21,"line_end":21,"column_start":29,"column_end":57,"is_primary":true,"text":[{"text":"        game_config.bump = *ctx.bumps.get(\"game_config\").unwrap();","highlight_start":29,"highlight_end":57}],"label":null,"suggested_replacement":"InitializeBumps::get(\"game_config\")","suggestion_applicability":"MachineApplicable","expansion":null}],"children":[],"rendered":null}],"rendered":"\u001b[0m\u001b[1m\u001b[38;5;9merror[E0599]\u001b[0m\u001b[0m\u001b[1m: no method named `get` found for struct `InitializeBumps` in the current scope\u001b[0m\n\u001b[0m   \u001b[0m\u001b[0m\u001b[1m\u001b[38;5;12m--> \u001b[0m\u001b[0msrc/lib.rs:21:39\u001b[0m\n\u001b[0m    \u001b[0m\u001b[0m\u001b[1m\u001b[38;5;12m|\u001b[0m\n\u001b[0m\u001b[1m\u001b[38;5;12m21\u001b[0m\u001b[0m  \u001b[0m\u001b[0m\u001b[1m\u001b[38;5;12m|\u001b[0m\u001b[0m \u001b[0m\u001b[0m        game_config.bump = *ctx.bumps.get(\"game_config\").unwrap();\u001b[0m\n\u001b[0m    \u001b[0m\u001b[0m\u001b[1m\u001b[38;5;12m|\u001b[0m\u001b[0m                             \u001b[0m\u001b[0m\u001b[1m\u001b[38;5;12m----------\u001b[0m\u001b[0m\u001b[1m\u001b[38;5;9m^^^\u001b[0m\u001b[0m\u001b[1m\u001b[38;5;12m---------------\u001b[0m\n\u001b[0m    \u001b[0m\u001b[0m\u001b[1m\u001b[38;5;12m|\u001b[0m\u001b[0m                             \u001b[0m\u001b[0m\u001b[1m\u001b[38;5;12m|\u001b[0m\u001b[0m         \u001b[0m\u001b[0m\u001b[1m\u001b[38;5;9m|\u001b[0m\n\u001b[0m    \u001b[0m\u001b[0m\u001b[1m\u001b[38;5;12m|\u001b[0m\u001b[0m                             \u001b[0m\u001b[0m\u001b[1m\u001b[38;5;12m|\u001b[0m\u001b[0m         \u001b[0m\u001b[0m\u001b[1m\u001b[38;5;9mthis is an associated function, not a method\u001b[0m\n\u001b[0m    \u001b[0m\u001b[0m\u001b[1m\u001b[38;5;12m|\u001b[0m\u001b[0m                             \u001b[0m\u001b[0m\u001b[1m\u001b[38;5;12mhelp: use associated function syntax instead: `InitializeBumps::get(\"game_config\")`\u001b[0m\n\u001b[0m\u001b[1m\u001b[38;5;12m...\u001b[0m\n\u001b[0m\u001b[1m\u001b[38;5;12m398\u001b[0m\u001b[0m \u001b[0m\u001b[0m\u001b[1m\u001b[38;5;12m|\u001b[0m\u001b[0m \u001b[0m\u001b[0m#[derive(Accounts)]\u001b[0m\n\u001b[0m    \u001b[0m\u001b[0m\u001b[1m\u001b[38;5;12m|\u001b[0m\u001b[0m          \u001b[0m\u001b[0m\u001b[1m\u001b[38;5;12m--------\u001b[0m\u001b[0m \u001b[0m\u001b[0m\u001b[1m\u001b[38;5;12mmethod `get` not found for this struct\u001b[0m\n\u001b[0m    \u001b[0m\u001b[0m\u001b[1m\u001b[38;5;12m|\u001b[0m\n\u001b[0m    \u001b[0m\u001b[0m\u001b[1m\u001b[38;5;12m= \u001b[0m\u001b[0m\u001b[1mnote\u001b[0m\u001b[0m: found the following associated functions; to be used as methods, functions must have a `self` parameter\u001b[0m\n\u001b[0m\u001b[1m\u001b[38;5;10mnote\u001b[0m\u001b[0m: the candidate is defined in the trait `anchor_lang::prelude::SolanaSysvar`\u001b[0m\n\u001b[0m   \u001b[0m\u001b[0m\u001b[1m\u001b[38;5;12m--> \u001b[0m\u001b[0m/usr/local/cargo/registry/src/index.crates.io-6f17d22bba15001f/solana-program-1.18.26/src/sysvar/mod.rs:214:5\u001b[0m\n\u001b[0m    \u001b[0m\u001b[0m\u001b[1m\u001b[38;5;12m|\u001b[0m\n\u001b[0m\u001b[1m\u001b[38;5;12m214\u001b[0m\u001b[0m \u001b[0m\u001b[0m\u001b[1m\u001b[38;5;12m|\u001b[0m\u001b[0m \u001b[0m\u001b[0m    fn get() -> Result<Self, ProgramError> {\u001b[0m\n\u001b[0m    \u001b[0m\u001b[0m\u001b[1m\u001b[38;5;12m|\u001b[0m\u001b[0m     \u001b[0m\u001b[0m\u001b[1m\u001b[38;5;10m^^^^^^^^^^^^^^^^^^^^^^^^^^^^^^^^^^^^^^\u001b[0m\n\u001b[0m    \u001b[0m\u001b[0m\u001b[1m\u001b[38;5;12m= \u001b[0m\u001b[0m\u001b[1mhelp\u001b[0m\u001b[0m: items from traits can only be used if the trait is implemented and in scope\u001b[0m\n\u001b[0m    \u001b[0m\u001b[0m\u001b[1m\u001b[38;5;12m= \u001b[0m\u001b[0m\u001b[1mnote\u001b[0m\u001b[0m: the following traits define an item `get`, perhaps you need to implement one of them:\u001b[0m\n\u001b[0m            candidate #1: `SliceIndex`\u001b[0m\n\u001b[0m            candidate #2: `ZeroCopyAccessor`\u001b[0m\n\u001b[0m            candidate #3: `solana_program::account_info::Account`\u001b[0m\n\n"}
{"$message_type":"diagnostic","message":"no method named `get` found for struct `InitializePresaleBumps` in the current scope","code":{"code":"E0599","explanation":"This error occurs when a method is used on a type which doesn't implement it:\n\nErroneous code example:\n\n```compile_fail,E0599\nstruct Mouth;\n\nlet x = Mouth;\nx.chocolate(); // error: no method named `chocolate` found for type `Mouth`\n               //        in the current scope\n```\n\nIn this case, you need to implement the `chocolate` method to fix the error:\n\n```\nstruct Mouth;\n\nimpl Mouth {\n    fn chocolate(&self) { // We implement the `chocolate` method here.\n        println!(\"Hmmm! I love chocolate!\");\n    }\n}\n\nlet x = Mouth;\nx.chocolate(); // ok!\n```\n"},"level":"error","spans":[{"file_name":"src/lib.rs","byte_start":1512,"byte_end":1515,"line_start":42,"line_end":42,"column_start":35,"column_end":38,"is_primary":true,"text":[{"text":"        presale.bump = *ctx.bumps.get(\"presale\").unwrap();","highlight_start":35,"highlight_end":38}],"label":"this is an associated function, not a method","suggested_replacement":null,"suggestion_applicability":null,"expansion":null},{"file_name":"src/lib.rs","byte_start":13930,"byte_end":13938,"line_start":413,"line_end":413,"column_start":10,"column_end":18,"is_primary":false,"text":[{"text":"#[derive(Accounts)]","highlight_start":10,"highlight_end":18}],"label":"method `get` not found for this struct","suggested_replacement":null,"suggestion_applicability":null,"expansion":{"span":{"file_name":"src/lib.rs","byte_start":13930,"byte_end":13938,"line_start":413,"line_end":413,"column_start":10,"column_end":18,"is_primary":false,"text":[{"text":"#[derive(Accounts)]","highlight_start":10,"highlight_end":18}],"label":null,"suggested_replacement":null,"suggestion_applicability":null,"expansion":null},"macro_decl_name":"#[derive(Accounts)]","def_site_span":{"file_name":"/usr/local/cargo/registry/src/index.crates.io-6f17d22bba15001f/anchor-derive-accounts-0.29.0/src/lib.rs","byte_start":29231,"byte_end":29297,"line_start":633,"line_end":633,"column_start":1,"column_end":67,"is_primary":false,"text":[{"text":"pub fn derive_anchor_deserialize(item: TokenStream) -> TokenStream {","highlight_start":1,"highlight_end":67}],"label":null,"suggested_replacement":null,"suggestion_applicability":null,"expansion":null}}}],"children":[{"message":"found the following associated functions; to be used as methods, functions must have a `self` parameter","code":null,"level":"note","spans":[],"children":[],"rendered":null},{"message":"the candidate is defined in the trait `anchor_lang::prelude::SolanaSysvar`","code":null,"level":"note","spans":[{"file_name":"/usr/local/cargo/registry/src/index.crates.io-6f17d22bba15001f/solana-program-1.18.26/src/sysvar/mod.rs","byte_start":6984,"byte_end":7022,"line_start":214,"line_end":214,"column_start":5,"column_end":43,"is_primary":true,"text":[{"text":"    fn get() -> Result<Self, ProgramError> {","highlight_start":5,"highlight_end":43}],"label":null,"suggested_replacement":null,"suggestion_applicability":null,"expansion":null}],"children":[],"rendered":null},{"message":"items from traits can only be used if the trait is implemented and in scope","code":null,"level":"help","spans":[],"children":[],"rendered":null},{"message":"the following traits define an item `get`, perhaps you need to implement one of them:\ncandidate #1: `SliceIndex`\ncandidate #2: `ZeroCopyAccessor`\ncandidate #3: `solana_program::account_info::Account`","code":null,"level":"note","spans":[],"children":[],"rendered":null},{"message":"use associated function syntax instead","code":null,"level":"help","spans":[{"file_name":"src/lib.rs","byte_start":1502,"byte_end":1526,"line_start":42,"line_end":42,"column_start":25,"column_end":49,"is_primary":true,"text":[{"text":"        presale.bump = *ctx.bumps.get(\"presale\").unwrap();","highlight_start":25,"highlight_end":49}],"label":null,"suggested_replacement":"InitializePresaleBumps::get(\"presale\")","suggestion_applicability":"MachineApplicable","expansion":null}],"children":[],"rendered":null}],"rendered":"\u001b[0m\u001b[1m\u001b[38;5;9merror[E0599]\u001b[0m\u001b[0m\u001b[1m: no method named `get` found for struct `InitializePresaleBumps` in the current scope\u001b[0m\n\u001b[0m   \u001b[0m\u001b[0m\u001b[1m\u001b[38;5;12m--> \u001b[0m\u001b[0msrc/lib.rs:42:35\u001b[0m\n\u001b[0m    \u001b[0m\u001b[0m\u001b[1m\u001b[38;5;12m|\u001b[0m\n\u001b[0m\u001b[1m\u001b[38;5;12m42\u001b[0m\u001b[0m  \u001b[0m\u001b[0m\u001b[1m\u001b[38;5;12m|\u001b[0m\u001b[0m \u001b[0m\u001b[0m        presale.bump = *ctx.bumps.get(\"presale\").unwrap();\u001b[0m\n\u001b[0m    \u001b[0m\u001b[0m\u001b[1m\u001b[38;5;12m|\u001b[0m\u001b[0m                         \u001b[0m\u001b[0m\u001b[1m\u001b[38;5;12m----------\u001b[0m\u001b[0m\u001b[1m\u001b[38;5;9m^^^\u001b[0m\u001b[0m\u001b[1m\u001b[38;5;12m-----------\u001b[0m\n\u001b[0m    \u001b[0m\u001b[0m\u001b[1m\u001b[38;5;12m|\u001b[0m\u001b[0m                         \u001b[0m\u001b[0m\u001b[1m\u001b[38;5;12m|\u001b[0m\u001b[0m         \u001b[0m\u001b[0m\u001b[1m\u001b[38;5;9m|\u001b[0m\n\u001b[0m    \u001b[0m\u001b[0m\u001b[1m\u001b[38;5;12m|\u001b[0m\u001b[0m                         \u001b[0m\u001b[0m\u001b[1m\u001b[38;5;12m|\u001b[0m\u001b[0m         \u001b[0m\u001b[0m\u001b[1m\u001b[38;5;9mthis is an associated function, not a method\u001b[0m\n\u001b[0m    \u001b[0m\u001b[0m\u001b[1m\u001b[38;5;12m|\u001b[0m\u001b[0m                         \u001b[0m\u001b[0m\u001b[1m\u001b[38;5;12mhelp: use associated function syntax instead: `InitializePresaleBumps::get(\"presale\")`\u001b[0m\n\u001b[0m\u001b[1m\u001b[38;5;12m...\u001b[0m\n\u001b[0m\u001b[1m\u001b[38;5;12m413\u001b[0m\u001b[0m \u001b[0m\u001b[0m\u001b[1m\u001b[38;5;12m|\u001b[0m\u001b[0m \u001b[0m\u001b[0m#[derive(Accounts)]\u001b[0m\n\u001b[0m    \u001b[0m\u001b[0m\u001b[1m\u001b[38;5;12m|\u001b[0m\u001b[0m          \u001b[0m\u001b[0m\u001b[1m\u001b[38;5;12m--------\u001b[0m\u001b[0m \u001b[0m\u001b[0m\u001b[1m\u001b[38;5;12mmethod `get` not found for this struct\u001b[0m\n\u001b[0m    \u001b[0m\u001b[0m\u001b[1m\u001b[38;5;12m|\u001b[0m\n\u001b[0m    \u001b[0m\u001b[0m\u001b[1m\u001b[38;5;12m= \u001b[0m\u001b[0m\u001b[1mnote\u001b[0m\u001b[0m: found the following associated functions; to be used as methods, functions must have a `self` parameter\u001b[0m\n\u001b[0m\u001b[1m\u001b[38;5;10mnote\u001b[0m\u001b[0m: the candidate is defined in the trait `anchor_lang::prelude::SolanaSysvar`\u001b[0m\n\u001b[0m   \u001b[0m\u001b[0m\u001b[1m\u001b[38;5;12m--> \u001b[0m\u001b[0m/usr/local/cargo/registry/src/index.crates.io-6f17d22bba15001f/solana-program-1.18.26/src/sysvar/mod.rs:214:5\u001b[0m\n\u001b[0m    \u001b[0m\u001b[0m\u001b[1m\u001b[38;5;12m|\u001b[0m\n\u001b[0m\u001b[1m\u001b[38;5;12m214\u001b[0m\u001b[0m \u001b[0m\u001b[0m\u001b[1m\u001b[38;5;12m|\u001b[0m\u001b[0m \u001b[0m\u001b[0m    fn get() -> Result<Self, ProgramError> {\u001b[0m\n\u001b[0m    \u001b[0m\u001b[0m\u001b[1m\u001b[38;5;12m|\u001b[0m\u001b[0m     \u001b[0m\u001b[0m\u001b[1m\u001b[38;5;10m^^^^^^^^^^^^^^^^^^^^^^^^^^^^^^^^^^^^^^\u001b[0m\n\u001b[0m    \u001b[0m\u001b[0m\u001b[1m\u001b[38;5;12m= \u001b[0m\u001b[0m\u001b[1mhelp\u001b[0m\u001b[0m: items from traits can only be used if the trait is implemented and in scope\u001b[0m\n\u001b[0m    \u001b[0m\u001b[0m\u001b[1m\u001b[38;5;12m= \u001b[0m\u001b[0m\u001b[1mnote\u001b[0m\u001b[0m: the following traits define an item `get`, perhaps you need to implement one of them:\u001b[0m\n\u001b[0m            candidate #1: `SliceIndex`\u001b[0m\n\u001b[0m            candidate #2: `ZeroCopyAccessor`\u001b[0m\n\u001b[0m            candidate #3: `solana_program::account_info::Account`\u001b[0m\n\n"}
{"$message_type":"diagnostic","message":"the trait bound `BuyShipTokens<'_>: Bumps` is not satisfied in `anchor_lang::context::Context<'_, '_, '_, '_, BuyShipTokens<'_>>`","code":{"code":"E0277","explanation":"You tried to use a type which doesn't implement some trait in a place which\nexpected that trait.\n\nErroneous code example:\n\n```compile_fail,E0277\n// here we declare the Foo trait with a bar method\ntrait Foo {\n    fn bar(&self);\n}\n\n// we now declare a function which takes an object implementing the Foo trait\nfn some_func<T: Foo>(foo: T) {\n    foo.bar();\n}\n\nfn main() {\n    // we now call the method with the i32 type, which doesn't implement\n    // the Foo trait\n    some_func(5i32); // error: the trait bound `i32 : Foo` is not satisfied\n}\n```\n\nIn order to fix this error, verify that the type you're using does implement\nthe trait. Example:\n\n```\ntrait Foo {\n    fn bar(&self);\n}\n\n// we implement the trait on the i32 type\nimpl Foo for i32 {\n    fn bar(&self) {}\n}\n\nfn some_func<T: Foo>(foo: T) {\n    foo.bar(); // we can now use this method since i32 implements the\n               // Foo trait\n}\n\nfn main() {\n    some_func(5i32); // ok!\n}\n```\n\nOr in a generic context, an erroneous code example would look like:\n\n```compile_fail,E0277\nfn some_func<T>(foo: T) {\n    println!(\"{:?}\", foo); // error: the trait `core::fmt::Debug` is not\n                           //        implemented for the type `T`\n}\n\nfn main() {\n    // We now call the method with the i32 type,\n    // which *does* implement the Debug trait.\n    some_func(5i32);\n}\n```\n\nNote that the error here is in the definition of the generic function. Although\nwe only call it with a parameter that does implement `Debug`, the compiler\nstill rejects the function. It must work with all possible input types. In\norder to make this example compile, we need to restrict the generic type we're\naccepting:\n\n```\nuse std::fmt;\n\n// Restrict the input type to types that implement Debug.\nfn some_func<T: fmt::Debug>(foo: T) {\n    println!(\"{:?}\", foo);\n}\n\nfn main() {\n    // Calling the method is still fine, as i32 implements Debug.\n    some_func(5i32);\n\n    // This would fail to compile now:\n    // struct WithoutDebug;\n    // some_func(WithoutDebug);\n}\n```\n\nRust only looks at the signature of the called function, as such it must\nalready specify all requirements that will be used for every type parameter.\n"},"level":"error","spans":[{"file_name":"src/lib.rs","byte_start":1630,"byte_end":1633,"line_start":47,"line_end":47,"column_start":28,"column_end":31,"is_primary":true,"text":[{"text":"    pub fn buy_ship_tokens(ctx: Context<BuyShipTokens>, amount: u64) -> Result<()> {","highlight_start":28,"highlight_end":31}],"label":"within `anchor_lang::context::Context<'_, '_, '_, '_, BuyShipTokens<'_>>`, the trait `Bumps` is not implemented for `BuyShipTokens<'_>`, which is required by `anchor_lang::context::Context<'_, '_, '_, '_, BuyShipTokens<'_>>: Sized`","suggested_replacement":null,"suggestion_applicability":null,"expansion":null}],"children":[{"message":"the following other types implement trait `Bumps`:\n  CreateNonceAccount<'info>\n  CreateNonceAccountWithSeed<'info>\n  Initialize<'info>\n  InitializePresale<'info>\n  JoinGame<'info>\n  PauseGames<'info>\n  ResumeGames<'info>\n  RevealAndFinalize<'info>\nand 54 others","code":null,"level":"help","spans":[],"children":[],"rendered":null},{"message":"required because it appears within the type `anchor_lang::context::Context<'_, '_, '_, '_, BuyShipTokens<'_>>`","code":null,"level":"note","spans":[{"file_name":"/usr/local/cargo/registry/src/index.crates.io-6f17d22bba15001f/anchor-lang-0.29.0/src/context.rs","byte_start":796,"byte_end":803,"line_start":24,"line_end":24,"column_start":12,"column_end":19,"is_primary":true,"text":[{"text":"pub struct Context<'a, 'b, 'c, 'info, T: Bumps> {","highlight_start":12,"highlight_end":19}],"label":null,"suggested_replacement":null,"suggestion_applicability":null,"expansion":null}],"children":[],"rendered":null},{"message":"function arguments must have a statically known size, borrowed types always have a known size","code":null,"level":"help","spans":[{"file_name":"src/lib.rs","byte_start":1635,"byte_end":1635,"line_start":47,"line_end":47,"column_start":33,"column_end":33,"is_primary":true,"text":[{"text":"    pub fn buy_ship_tokens(ctx: Context<BuyShipTokens>, amount: u64) -> Result<()> {","highlight_start":33,"highlight_end":33}],"label":null,"suggested_replacement":"&","suggestion_applicability":"MachineApplicable","expansion":null}],"children":[],"rendered":null}],"rendered":"\u001b[0m\u001b[1m\u001b[38;5;9merror[E0277]\u001b[0m\u001b[0m\u001b[1m: the trait bound `BuyShipTokens<'_>: Bumps` is not satisfied in `anchor_lang::context::Context<'_, '_, '_, '_, BuyShipTokens<'_>>`\u001b[0m\n\u001b[0m  \u001b[0m\u001b[0m\u001b[1m\u001b[38;5;12m--> \u001b[0m\u001b[0msrc/lib.rs:47:28\u001b[0m\n\u001b[0m   \u001b[0m\u001b[0m\u001b[1m\u001b[38;5;12m|\u001b[0m\n\u001b[0m\u001b[1m\u001b[38;5;12m47\u001b[0m\u001b[0m \u001b[0m\u001b[0m\u001b[1m\u001b[38;5;12m|\u001b[0m\u001b[0m \u001b[0m\u001b[0m    pub fn buy_ship_tokens(ctx: Context<BuyShipTokens>, amount: u64) -> \u001b[0m\u001b[0m\u001b[1m\u001b[38;5;12m...\u001b[0m\n\u001b[0m   \u001b[0m\u001b[0m\u001b[1m\u001b[38;5;12m|\u001b[0m\u001b[0m                            \u001b[0m\u001b[0m\u001b[1m\u001b[38;5;9m^^^\u001b[0m\u001b[0m \u001b[0m\u001b[0m\u001b[1m\u001b[38;5;9mwithin `anchor_lang::context::Context<'_, '_, '_, '_, BuyShipTokens<'_>>`, the trait `Bumps` is not implemented for `BuyShipTokens<'_>`, which is required by `anchor_lang::context::Context<'_, '_, '_, '_, BuyShipTokens<'_>>: Sized`\u001b[0m\n\u001b[0m   \u001b[0m\u001b[0m\u001b[1m\u001b[38;5;12m|\u001b[0m\n\u001b[0m   \u001b[0m\u001b[0m\u001b[1m\u001b[38;5;12m= \u001b[0m\u001b[0m\u001b[1mhelp\u001b[0m\u001b[0m: the following other types implement trait `Bumps`:\u001b[0m\n\u001b[0m             CreateNonceAccount<'info>\u001b[0m\n\u001b[0m             CreateNonceAccountWithSeed<'info>\u001b[0m\n\u001b[0m             Initialize<'info>\u001b[0m\n\u001b[0m             InitializePresale<'info>\u001b[0m\n\u001b[0m             JoinGame<'info>\u001b[0m\n\u001b[0m             PauseGames<'info>\u001b[0m\n\u001b[0m             ResumeGames<'info>\u001b[0m\n\u001b[0m             RevealAndFinalize<'info>\u001b[0m\n\u001b[0m           and 54 others\u001b[0m\n\u001b[0m\u001b[1m\u001b[38;5;10mnote\u001b[0m\u001b[0m: required because it appears within the type `anchor_lang::context::Context<'_, '_, '_, '_, BuyShipTokens<'_>>`\u001b[0m\n\u001b[0m  \u001b[0m\u001b[0m\u001b[1m\u001b[38;5;12m--> \u001b[0m\u001b[0m/usr/local/cargo/registry/src/index.crates.io-6f17d22bba15001f/anchor-lang-0.29.0/src/context.rs:24:12\u001b[0m\n\u001b[0m   \u001b[0m\u001b[0m\u001b[1m\u001b[38;5;12m|\u001b[0m\n\u001b[0m\u001b[1m\u001b[38;5;12m24\u001b[0m\u001b[0m \u001b[0m\u001b[0m\u001b[1m\u001b[38;5;12m|\u001b[0m\u001b[0m \u001b[0m\u001b[0mpub struct Context<'a, 'b, 'c, 'info, T: Bumps> {\u001b[0m\n\u001b[0m   \u001b[0m\u001b[0m\u001b[1m\u001b[38;5;12m|\u001b[0m\u001b[0m            \u001b[0m\u001b[0m\u001b[1m\u001b[38;5;10m^^^^^^^\u001b[0m\n\u001b[0m\u001b[1m\u001b[38;5;14mhelp\u001b[0m\u001b[0m: function arguments must have a statically known size, borrowed types always have a known size\u001b[0m\n\u001b[0m   \u001b[0m\u001b[0m\u001b[1m\u001b[38;5;12m|\u001b[0m\n\u001b[0m\u001b[1m\u001b[38;5;12m47\u001b[0m\u001b[0m \u001b[0m\u001b[0m\u001b[1m\u001b[38;5;12m| \u001b[0m\u001b[0m    pub fn buy_ship_tokens(ctx: \u001b[0m\u001b[0m\u001b[38;5;10m&\u001b[0m\u001b[0mContext<BuyShipTokens>, amount: u64) -> Result<()> {\u001b[0m\n\u001b[0m   \u001b[0m\u001b[0m\u001b[1m\u001b[38;5;12m|\u001b[0m\u001b[0m                                 \u001b[0m\u001b[0m\u001b[38;5;10m+\u001b[0m\n\n"}
{"$message_type":"diagnostic","message":"mismatched types","code":{"code":"E0308","explanation":"Expected type did not match the received type.\n\nErroneous code examples:\n\n```compile_fail,E0308\nfn plus_one(x: i32) -> i32 {\n    x + 1\n}\n\nplus_one(\"Not a number\");\n//       ^^^^^^^^^^^^^^ expected `i32`, found `&str`\n\nif \"Not a bool\" {\n// ^^^^^^^^^^^^ expected `bool`, found `&str`\n}\n\nlet x: f32 = \"Not a float\";\n//     ---   ^^^^^^^^^^^^^ expected `f32`, found `&str`\n//     |\n//     expected due to this\n```\n\nThis error occurs when an expression was used in a place where the compiler\nexpected an expression of a different type. It can occur in several cases, the\nmost common being when calling a function and passing an argument which has a\ndifferent type than the matching type in the function declaration.\n"},"level":"error","spans":[{"file_name":"src/lib.rs","byte_start":2807,"byte_end":2822,"line_start":74,"line_end":74,"column_start":13,"column_end":28,"is_primary":true,"text":[{"text":"            &[presale.bump],","highlight_start":13,"highlight_end":28}],"label":"expected an array with a fixed size of 7 elements, found one with 1 element","suggested_replacement":null,"suggestion_applicability":null,"expansion":null}],"children":[],"rendered":"\u001b[0m\u001b[1m\u001b[38;5;9merror[E0308]\u001b[0m\u001b[0m\u001b[1m: mismatched types\u001b[0m\n\u001b[0m  \u001b[0m\u001b[0m\u001b[1m\u001b[38;5;12m--> \u001b[0m\u001b[0msrc/lib.rs:74:13\u001b[0m\n\u001b[0m   \u001b[0m\u001b[0m\u001b[1m\u001b[38;5;12m|\u001b[0m\n\u001b[0m\u001b[1m\u001b[38;5;12m74\u001b[0m\u001b[0m \u001b[0m\u001b[0m\u001b[1m\u001b[38;5;12m|\u001b[0m\u001b[0m \u001b[0m\u001b[0m            &[presale.bump],\u001b[0m\n\u001b[0m   \u001b[0m\u001b[0m\u001b[1m\u001b[38;5;12m|\u001b[0m\u001b[0m             \u001b[0m\u001b[0m\u001b[1m\u001b[38;5;9m^^^^^^^^^^^^^^^\u001b[0m\u001b[0m \u001b[0m\u001b[0m\u001b[1m\u001b[38;5;9mexpected an array with a fixed size of 7 elements, found one with 1 element\u001b[0m\n\n"}
{"$message_type":"diagnostic","message":"the trait bound `CreateGame<'_>: Bumps` is not satisfied in `anchor_lang::context::Context<'_, '_, '_, '_, CreateGame<'_>>`","code":{"code":"E0277","explanation":"You tried to use a type which doesn't implement some trait in a place which\nexpected that trait.\n\nErroneous code example:\n\n```compile_fail,E0277\n// here we declare the Foo trait with a bar method\ntrait Foo {\n    fn bar(&self);\n}\n\n// we now declare a function which takes an object implementing the Foo trait\nfn some_func<T: Foo>(foo: T) {\n    foo.bar();\n}\n\nfn main() {\n    // we now call the method with the i32 type, which doesn't implement\n    // the Foo trait\n    some_func(5i32); // error: the trait bound `i32 : Foo` is not satisfied\n}\n```\n\nIn order to fix this error, verify that the type you're using does implement\nthe trait. Example:\n\n```\ntrait Foo {\n    fn bar(&self);\n}\n\n// we implement the trait on the i32 type\nimpl Foo for i32 {\n    fn bar(&self) {}\n}\n\nfn some_func<T: Foo>(foo: T) {\n    foo.bar(); // we can now use this method since i32 implements the\n               // Foo trait\n}\n\nfn main() {\n    some_func(5i32); // ok!\n}\n```\n\nOr in a generic context, an erroneous code example would look like:\n\n```compile_fail,E0277\nfn some_func<T>(foo: T) {\n    println!(\"{:?}\", foo); // error: the trait `core::fmt::Debug` is not\n                           //        implemented for the type `T`\n}\n\nfn main() {\n    // We now call the method with the i32 type,\n    // which *does* implement the Debug trait.\n    some_func(5i32);\n}\n```\n\nNote that the error here is in the definition of the generic function. Although\nwe only call it with a parameter that does implement `Debug`, the compiler\nstill rejects the function. It must work with all possible input types. In\norder to make this example compile, we need to restrict the generic type we're\naccepting:\n\n```\nuse std::fmt;\n\n// Restrict the input type to types that implement Debug.\nfn some_func<T: fmt::Debug>(foo: T) {\n    println!(\"{:?}\", foo);\n}\n\nfn main() {\n    // Calling the method is still fine, as i32 implements Debug.\n    some_func(5i32);\n\n    // This would fail to compile now:\n    // struct WithoutDebug;\n    // some_func(WithoutDebug);\n}\n```\n\nRust only looks at the signature of the called function, as such it must\nalready specify all requirements that will be used for every type parameter.\n"},"level":"error","spans":[{"file_name":"src/lib.rs","byte_start":3645,"byte_end":3648,"line_start":104,"line_end":104,"column_start":9,"column_end":12,"is_primary":true,"text":[{"text":"        ctx: Context<CreateGame>,","highlight_start":9,"highlight_end":12}],"label":"within `anchor_lang::context::Context<'_, '_, '_, '_, CreateGame<'_>>`, the trait `Bumps` is not implemented for `CreateGame<'_>`, which is required by `anchor_lang::context::Context<'_, '_, '_, '_, CreateGame<'_>>: Sized`","suggested_replacement":null,"suggestion_applicability":null,"expansion":null}],"children":[{"message":"the following other types implement trait `Bumps`:\n  CreateNonceAccount<'info>\n  CreateNonceAccountWithSeed<'info>\n  Initialize<'info>\n  InitializePresale<'info>\n  JoinGame<'info>\n  PauseGames<'info>\n  ResumeGames<'info>\n  RevealAndFinalize<'info>\nand 54 others","code":null,"level":"help","spans":[],"children":[],"rendered":null},{"message":"required because it appears within the type `anchor_lang::context::Context<'_, '_, '_, '_, CreateGame<'_>>`","code":null,"level":"note","spans":[{"file_name":"/usr/local/cargo/registry/src/index.crates.io-6f17d22bba15001f/anchor-lang-0.29.0/src/context.rs","byte_start":796,"byte_end":803,"line_start":24,"line_end":24,"column_start":12,"column_end":19,"is_primary":true,"text":[{"text":"pub struct Context<'a, 'b, 'c, 'info, T: Bumps> {","highlight_start":12,"highlight_end":19}],"label":null,"suggested_replacement":null,"suggestion_applicability":null,"expansion":null}],"children":[],"rendered":null},{"message":"function arguments must have a statically known size, borrowed types always have a known size","code":null,"level":"help","spans":[{"file_name":"src/lib.rs","byte_start":3650,"byte_end":3650,"line_start":104,"line_end":104,"column_start":14,"column_end":14,"is_primary":true,"text":[{"text":"        ctx: Context<CreateGame>,","highlight_start":14,"highlight_end":14}],"label":null,"suggested_replacement":"&","suggestion_applicability":"MachineApplicable","expansion":null}],"children":[],"rendered":null}],"rendered":"\u001b[0m\u001b[1m\u001b[38;5;9merror[E0277]\u001b[0m\u001b[0m\u001b[1m: the trait bound `CreateGame<'_>: Bumps` is not satisfied in `anchor_lang::context::Context<'_, '_, '_, '_, CreateGame<'_>>`\u001b[0m\n\u001b[0m   \u001b[0m\u001b[0m\u001b[1m\u001b[38;5;12m--> \u001b[0m\u001b[0msrc/lib.rs:104:9\u001b[0m\n\u001b[0m    \u001b[0m\u001b[0m\u001b[1m\u001b[38;5;12m|\u001b[0m\n\u001b[0m\u001b[1m\u001b[38;5;12m104\u001b[0m\u001b[0m \u001b[0m\u001b[0m\u001b[1m\u001b[38;5;12m|\u001b[0m\u001b[0m \u001b[0m\u001b[0m        ctx: Context<CreateGame>,\u001b[0m\n\u001b[0m    \u001b[0m\u001b[0m\u001b[1m\u001b[38;5;12m|\u001b[0m\u001b[0m         \u001b[0m\u001b[0m\u001b[1m\u001b[38;5;9m^^^\u001b[0m\u001b[0m \u001b[0m\u001b[0m\u001b[1m\u001b[38;5;9mwithin `anchor_lang::context::Context<'_, '_, '_, '_, CreateGame<'_>>`, the trait `Bumps` is not implemented for `CreateGame<'_>`, which is required by `anchor_lang::context::Context<'_, '_, '_, '_, CreateGame<'_>>: Sized`\u001b[0m\n\u001b[0m    \u001b[0m\u001b[0m\u001b[1m\u001b[38;5;12m|\u001b[0m\n\u001b[0m    \u001b[0m\u001b[0m\u001b[1m\u001b[38;5;12m= \u001b[0m\u001b[0m\u001b[1mhelp\u001b[0m\u001b[0m: the following other types implement trait `Bumps`:\u001b[0m\n\u001b[0m              CreateNonceAccount<'info>\u001b[0m\n\u001b[0m              CreateNonceAccountWithSeed<'info>\u001b[0m\n\u001b[0m              Initialize<'info>\u001b[0m\n\u001b[0m              InitializePresale<'info>\u001b[0m\n\u001b[0m              JoinGame<'info>\u001b[0m\n\u001b[0m              PauseGames<'info>\u001b[0m\n\u001b[0m              ResumeGames<'info>\u001b[0m\n\u001b[0m              RevealAndFinalize<'info>\u001b[0m\n\u001b[0m            and 54 others\u001b[0m\n\u001b[0m\u001b[1m\u001b[38;5;10mnote\u001b[0m\u001b[0m: required because it appears within the type `anchor_lang::context::Context<'_, '_, '_, '_, CreateGame<'_>>`\u001b[0m\n\u001b[0m   \u001b[0m\u001b[0m\u001b[1m\u001b[38;5;12m--> \u001b[0m\u001b[0m/usr/local/cargo/registry/src/index.crates.io-6f17d22bba15001f/anchor-lang-0.29.0/src/context.rs:24:12\u001b[0m\n\u001b[0m    \u001b[0m\u001b[0m\u001b[1m\u001b[38;5;12m|\u001b[0m\n\u001b[0m\u001b[1m\u001b[38;5;12m24\u001b[0m\u001b[0m  \u001b[0m\u001b[0m\u001b[1m\u001b[38;5;12m|\u001b[0m\u001b[0m \u001b[0m\u001b[0mpub struct Context<'a, 'b, 'c, 'info, T: Bumps> {\u001b[0m\n\u001b[0m    \u001b[0m\u001b[0m\u001b[1m\u001b[38;5;12m|\u001b[0m\u001b[0m            \u001b[0m\u001b[0m\u001b[1m\u001b[38;5;10m^^^^^^^\u001b[0m\n\u001b[0m\u001b[1m\u001b[38;5;14mhelp\u001b[0m\u001b[0m: function arguments must have a statically known size, borrowed types always have a known size\u001b[0m\n\u001b[0m    \u001b[0m\u001b[0m\u001b[1m\u001b[38;5;12m|\u001b[0m\n\u001b[0m\u001b[1m\u001b[38;5;12m104\u001b[0m\u001b[0m \u001b[0m\u001b[0m\u001b[1m\u001b[38;5;12m| \u001b[0m\u001b[0m        ctx: \u001b[0m\u001b[0m\u001b[38;5;10m&\u001b[0m\u001b[0mContext<CreateGame>,\u001b[0m\n\u001b[0m    \u001b[0m\u001b[0m\u001b[1m\u001b[38;5;12m|\u001b[0m\u001b[0m              \u001b[0m\u001b[0m\u001b[38;5;10m+\u001b[0m\n\n"}
{"$message_type":"diagnostic","message":"mismatched types","code":{"code":"E0308","explanation":"Expected type did not match the received type.\n\nErroneous code examples:\n\n```compile_fail,E0308\nfn plus_one(x: i32) -> i32 {\n    x + 1\n}\n\nplus_one(\"Not a number\");\n//       ^^^^^^^^^^^^^^ expected `i32`, found `&str`\n\nif \"Not a bool\" {\n// ^^^^^^^^^^^^ expected `bool`, found `&str`\n}\n\nlet x: f32 = \"Not a float\";\n//     ---   ^^^^^^^^^^^^^ expected `f32`, found `&str`\n//     |\n//     expected due to this\n```\n\nThis error occurs when an expression was used in a place where the compiler\nexpected an expression of a different type. It can occur in several cases, the\nmost common being when calling a function and passing an argument which has a\ndifferent type than the matching type in the function declaration.\n"},"level":"error","spans":[{"file_name":"src/lib.rs","byte_start":4157,"byte_end":4192,"line_start":117,"line_end":117,"column_start":13,"column_end":48,"is_primary":true,"text":[{"text":"            &clock.unix_timestamp.to_le_bytes(),","highlight_start":13,"highlight_end":48}],"label":"expected `u8`, found `&[u8; 8]`","suggested_replacement":null,"suggestion_applicability":null,"expansion":null}],"children":[],"rendered":"\u001b[0m\u001b[1m\u001b[38;5;9merror[E0308]\u001b[0m\u001b[0m\u001b[1m: mismatched types\u001b[0m\n\u001b[0m   \u001b[0m\u001b[0m\u001b[1m\u001b[38;5;12m--> \u001b[0m\u001b[0msrc/lib.rs:117:13\u001b[0m\n\u001b[0m    \u001b[0m\u001b[0m\u001b[1m\u001b[38;5;12m|\u001b[0m\n\u001b[0m\u001b[1m\u001b[38;5;12m117\u001b[0m\u001b[0m \u001b[0m\u001b[0m\u001b[1m\u001b[38;5;12m|\u001b[0m\u001b[0m \u001b[0m\u001b[0m            &clock.unix_timestamp.to_le_bytes(),\u001b[0m\n\u001b[0m    \u001b[0m\u001b[0m\u001b[1m\u001b[38;5;12m|\u001b[0m\u001b[0m             \u001b[0m\u001b[0m\u001b[1m\u001b[38;5;9m^^^^^^^^^^^^^^^^^^^^^^^^^^^^^^^^^^^\u001b[0m\u001b[0m \u001b[0m\u001b[0m\u001b[1m\u001b[38;5;9mexpected `u8`, found `&[u8; 8]`\u001b[0m\n\n"}
{"$message_type":"diagnostic","message":"the trait bound `CreateGame<'_>: Bumps` is not satisfied","code":{"code":"E0277","explanation":"You tried to use a type which doesn't implement some trait in a place which\nexpected that trait.\n\nErroneous code example:\n\n```compile_fail,E0277\n// here we declare the Foo trait with a bar method\ntrait Foo {\n    fn bar(&self);\n}\n\n// we now declare a function which takes an object implementing the Foo trait\nfn some_func<T: Foo>(foo: T) {\n    foo.bar();\n}\n\nfn main() {\n    // we now call the method with the i32 type, which doesn't implement\n    // the Foo trait\n    some_func(5i32); // error: the trait bound `i32 : Foo` is not satisfied\n}\n```\n\nIn order to fix this error, verify that the type you're using does implement\nthe trait. Example:\n\n```\ntrait Foo {\n    fn bar(&self);\n}\n\n// we implement the trait on the i32 type\nimpl Foo for i32 {\n    fn bar(&self) {}\n}\n\nfn some_func<T: Foo>(foo: T) {\n    foo.bar(); // we can now use this method since i32 implements the\n               // Foo trait\n}\n\nfn main() {\n    some_func(5i32); // ok!\n}\n```\n\nOr in a generic context, an erroneous code example would look like:\n\n```compile_fail,E0277\nfn some_func<T>(foo: T) {\n    println!(\"{:?}\", foo); // error: the trait `core::fmt::Debug` is not\n                           //        implemented for the type `T`\n}\n\nfn main() {\n    // We now call the method with the i32 type,\n    // which *does* implement the Debug trait.\n    some_func(5i32);\n}\n```\n\nNote that the error here is in the definition of the generic function. Although\nwe only call it with a parameter that does implement `Debug`, the compiler\nstill rejects the function. It must work with all possible input types. In\norder to make this example compile, we need to restrict the generic type we're\naccepting:\n\n```\nuse std::fmt;\n\n// Restrict the input type to types that implement Debug.\nfn some_func<T: fmt::Debug>(foo: T) {\n    println!(\"{:?}\", foo);\n}\n\nfn main() {\n    // Calling the method is still fine, as i32 implements Debug.\n    some_func(5i32);\n\n    // This would fail to compile now:\n    // struct WithoutDebug;\n    // some_func(WithoutDebug);\n}\n```\n\nRust only looks at the signature of the called function, as such it must\nalready specify all requirements that will be used for every type parameter.\n"},"level":"error","spans":[{"file_name":"src/lib.rs","byte_start":4717,"byte_end":4726,"line_start":130,"line_end":130,"column_start":22,"column_end":31,"is_primary":true,"text":[{"text":"        game.bump = *ctx.bumps.get(\"game\").unwrap();","highlight_start":22,"highlight_end":31}],"label":"the trait `Bumps` is not implemented for `CreateGame<'_>`","suggested_replacement":null,"suggestion_applicability":null,"expansion":null}],"children":[{"message":"the following other types implement trait `Bumps`:\n  CreateNonceAccount<'info>\n  CreateNonceAccountWithSeed<'info>\n  Initialize<'info>\n  InitializePresale<'info>\n  JoinGame<'info>\n  PauseGames<'info>\n  ResumeGames<'info>\n  RevealAndFinalize<'info>\nand 54 others","code":null,"level":"help","spans":[],"children":[],"rendered":null}],"rendered":"\u001b[0m\u001b[1m\u001b[38;5;9merror[E0277]\u001b[0m\u001b[0m\u001b[1m: the trait bound `CreateGame<'_>: Bumps` is not satisfied\u001b[0m\n\u001b[0m   \u001b[0m\u001b[0m\u001b[1m\u001b[38;5;12m--> \u001b[0m\u001b[0msrc/lib.rs:130:22\u001b[0m\n\u001b[0m    \u001b[0m\u001b[0m\u001b[1m\u001b[38;5;12m|\u001b[0m\n\u001b[0m\u001b[1m\u001b[38;5;12m130\u001b[0m\u001b[0m \u001b[0m\u001b[0m\u001b[1m\u001b[38;5;12m|\u001b[0m\u001b[0m \u001b[0m\u001b[0m        game.bump = *ctx.bumps.get(\"game\").unwrap();\u001b[0m\n\u001b[0m    \u001b[0m\u001b[0m\u001b[1m\u001b[38;5;12m|\u001b[0m\u001b[0m                      \u001b[0m\u001b[0m\u001b[1m\u001b[38;5;9m^^^^^^^^^\u001b[0m\u001b[0m \u001b[0m\u001b[0m\u001b[1m\u001b[38;5;9mthe trait `Bumps` is not implemented for `CreateGame<'_>`\u001b[0m\n\u001b[0m    \u001b[0m\u001b[0m\u001b[1m\u001b[38;5;12m|\u001b[0m\n\u001b[0m    \u001b[0m\u001b[0m\u001b[1m\u001b[38;5;12m= \u001b[0m\u001b[0m\u001b[1mhelp\u001b[0m\u001b[0m: the following other types implement trait `Bumps`:\u001b[0m\n\u001b[0m              CreateNonceAccount<'info>\u001b[0m\n\u001b[0m              CreateNonceAccountWithSeed<'info>\u001b[0m\n\u001b[0m              Initialize<'info>\u001b[0m\n\u001b[0m              InitializePresale<'info>\u001b[0m\n\u001b[0m              JoinGame<'info>\u001b[0m\n\u001b[0m              PauseGames<'info>\u001b[0m\n\u001b[0m              ResumeGames<'info>\u001b[0m\n\u001b[0m              RevealAndFinalize<'info>\u001b[0m\n\u001b[0m            and 54 others\u001b[0m\n\n"}
{"$message_type":"diagnostic","message":"mismatched types","code":{"code":"E0308","explanation":"Expected type did not match the received type.\n\nErroneous code examples:\n\n```compile_fail,E0308\nfn plus_one(x: i32) -> i32 {\n    x + 1\n}\n\nplus_one(\"Not a number\");\n//       ^^^^^^^^^^^^^^ expected `i32`, found `&str`\n\nif \"Not a bool\" {\n// ^^^^^^^^^^^^ expected `bool`, found `&str`\n}\n\nlet x: f32 = \"Not a float\";\n//     ---   ^^^^^^^^^^^^^ expected `f32`, found `&str`\n//     |\n//     expected due to this\n```\n\nThis error occurs when an expression was used in a place where the compiler\nexpected an expression of a different type. It can occur in several cases, the\nmost common being when calling a function and passing an argument which has a\ndifferent type than the matching type in the function declaration.\n"},"level":"error","spans":[{"file_name":"src/lib.rs","byte_start":7272,"byte_end":7299,"line_start":206,"line_end":206,"column_start":13,"column_end":40,"is_primary":true,"text":[{"text":"            &player_nonce.to_le_bytes(),","highlight_start":13,"highlight_end":40}],"label":"expected `&Vec<u8>`, found `&[u8; 8]`","suggested_replacement":null,"suggestion_applicability":null,"expansion":null}],"children":[{"message":"expected reference `&Vec<u8>`\n   found reference `&[u8; 8]`","code":null,"level":"note","spans":[],"children":[],"rendered":null}],"rendered":"\u001b[0m\u001b[1m\u001b[38;5;9merror[E0308]\u001b[0m\u001b[0m\u001b[1m: mismatched types\u001b[0m\n\u001b[0m   \u001b[0m\u001b[0m\u001b[1m\u001b[38;5;12m--> \u001b[0m\u001b[0msrc/lib.rs:206:13\u001b[0m\n\u001b[0m    \u001b[0m\u001b[0m\u001b[1m\u001b[38;5;12m|\u001b[0m\n\u001b[0m\u001b[1m\u001b[38;5;12m206\u001b[0m\u001b[0m \u001b[0m\u001b[0m\u001b[1m\u001b[38;5;12m|\u001b[0m\u001b[0m \u001b[0m\u001b[0m            &player_nonce.to_le_bytes(),\u001b[0m\n\u001b[0m    \u001b[0m\u001b[0m\u001b[1m\u001b[38;5;12m|\u001b[0m\u001b[0m             \u001b[0m\u001b[0m\u001b[1m\u001b[38;5;9m^^^^^^^^^^^^^^^^^^^^^^^^^^^\u001b[0m\u001b[0m \u001b[0m\u001b[0m\u001b[1m\u001b[38;5;9mexpected `&Vec<u8>`, found `&[u8; 8]`\u001b[0m\n\u001b[0m    \u001b[0m\u001b[0m\u001b[1m\u001b[38;5;12m|\u001b[0m\n\u001b[0m    \u001b[0m\u001b[0m\u001b[1m\u001b[38;5;12m= \u001b[0m\u001b[0m\u001b[1mnote\u001b[0m\u001b[0m: expected reference `&\u001b[0m\u001b[0m\u001b[1m\u001b[35mVec<u8>\u001b[0m\u001b[0m`\u001b[0m\n\u001b[0m               found reference `&\u001b[0m\u001b[0m\u001b[1m\u001b[35m[u8; 8]\u001b[0m\u001b[0m`\u001b[0m\n\n"}
{"$message_type":"diagnostic","message":"mismatched types","code":{"code":"E0308","explanation":"Expected type did not match the received type.\n\nErroneous code examples:\n\n```compile_fail,E0308\nfn plus_one(x: i32) -> i32 {\n    x + 1\n}\n\nplus_one(\"Not a number\");\n//       ^^^^^^^^^^^^^^ expected `i32`, found `&str`\n\nif \"Not a bool\" {\n// ^^^^^^^^^^^^ expected `bool`, found `&str`\n}\n\nlet x: f32 = \"Not a float\";\n//     ---   ^^^^^^^^^^^^^ expected `f32`, found `&str`\n//     |\n//     expected due to this\n```\n\nThis error occurs when an expression was used in a place where the compiler\nexpected an expression of a different type. It can occur in several cases, the\nmost common being when calling a function and passing an argument which has a\ndifferent type than the matching type in the function declaration.\n"},"level":"error","spans":[{"file_name":"src/lib.rs","byte_start":7685,"byte_end":7714,"line_start":215,"line_end":215,"column_start":17,"column_end":46,"is_primary":true,"text":[{"text":"                &opponent_nonce.to_le_bytes(),","highlight_start":17,"highlight_end":46}],"label":"expected `&Vec<u8>`, found `&[u8; 8]`","suggested_replacement":null,"suggestion_applicability":null,"expansion":null}],"children":[{"message":"expected reference `&Vec<u8>`\n   found reference `&[u8; 8]`","code":null,"level":"note","spans":[],"children":[],"rendered":null}],"rendered":"\u001b[0m\u001b[1m\u001b[38;5;9merror[E0308]\u001b[0m\u001b[0m\u001b[1m: mismatched types\u001b[0m\n\u001b[0m   \u001b[0m\u001b[0m\u001b[1m\u001b[38;5;12m--> \u001b[0m\u001b[0msrc/lib.rs:215:17\u001b[0m\n\u001b[0m    \u001b[0m\u001b[0m\u001b[1m\u001b[38;5;12m|\u001b[0m\n\u001b[0m\u001b[1m\u001b[38;5;12m215\u001b[0m\u001b[0m \u001b[0m\u001b[0m\u001b[1m\u001b[38;5;12m|\u001b[0m\u001b[0m \u001b[0m\u001b[0m                &opponent_nonce.to_le_bytes(),\u001b[0m\n\u001b[0m    \u001b[0m\u001b[0m\u001b[1m\u001b[38;5;12m|\u001b[0m\u001b[0m                 \u001b[0m\u001b[0m\u001b[1m\u001b[38;5;9m^^^^^^^^^^^^^^^^^^^^^^^^^^^^^\u001b[0m\u001b[0m \u001b[0m\u001b[0m\u001b[1m\u001b[38;5;9mexpected `&Vec<u8>`, found `&[u8; 8]`\u001b[0m\n\u001b[0m    \u001b[0m\u001b[0m\u001b[1m\u001b[38;5;12m|\u001b[0m\n\u001b[0m    \u001b[0m\u001b[0m\u001b[1m\u001b[38;5;12m= \u001b[0m\u001b[0m\u001b[1mnote\u001b[0m\u001b[0m: expected reference `&\u001b[0m\u001b[0m\u001b[1m\u001b[35mVec<u8>\u001b[0m\u001b[0m`\u001b[0m\n\u001b[0m               found reference `&\u001b[0m\u001b[0m\u001b[1m\u001b[35m[u8; 8]\u001b[0m\u001b[0m`\u001b[0m\n\n"}
{"$message_type":"diagnostic","message":"mismatched types","code":{"code":"E0308","explanation":"Expected type did not match the received type.\n\nErroneous code examples:\n\n```compile_fail,E0308\nfn plus_one(x: i32) -> i32 {\n    x + 1\n}\n\nplus_one(\"Not a number\");\n//       ^^^^^^^^^^^^^^ expected `i32`, found `&str`\n\nif \"Not a bool\" {\n// ^^^^^^^^^^^^ expected `bool`, found `&str`\n}\n\nlet x: f32 = \"Not a float\";\n//     ---   ^^^^^^^^^^^^^ expected `f32`, found `&str`\n//     |\n//     expected due to this\n```\n\nThis error occurs when an expression was used in a place where the compiler\nexpected an expression of a different type. It can occur in several cases, the\nmost common being when calling a function and passing an argument which has a\ndifferent type than the matching type in the function declaration.\n"},"level":"error","spans":[{"file_name":"src/lib.rs","byte_start":8478,"byte_end":8505,"line_start":237,"line_end":237,"column_start":13,"column_end":40,"is_primary":true,"text":[{"text":"            &game.game_id.to_le_bytes(),","highlight_start":13,"highlight_end":40}],"label":"expected an array with a fixed size of 4 elements, found one with 8 elements","suggested_replacement":null,"suggestion_applicability":null,"expansion":null}],"children":[],"rendered":"\u001b[0m\u001b[1m\u001b[38;5;9merror[E0308]\u001b[0m\u001b[0m\u001b[1m: mismatched types\u001b[0m\n\u001b[0m   \u001b[0m\u001b[0m\u001b[1m\u001b[38;5;12m--> \u001b[0m\u001b[0msrc/lib.rs:237:13\u001b[0m\n\u001b[0m    \u001b[0m\u001b[0m\u001b[1m\u001b[38;5;12m|\u001b[0m\n\u001b[0m\u001b[1m\u001b[38;5;12m237\u001b[0m\u001b[0m \u001b[0m\u001b[0m\u001b[1m\u001b[38;5;12m|\u001b[0m\u001b[0m \u001b[0m\u001b[0m            &game.game_id.to_le_bytes(),\u001b[0m\n\u001b[0m    \u001b[0m\u001b[0m\u001b[1m\u001b[38;5;12m|\u001b[0m\u001b[0m             \u001b[0m\u001b[0m\u001b[1m\u001b[38;5;9m^^^^^^^^^^^^^^^^^^^^^^^^^^^\u001b[0m\u001b[0m \u001b[0m\u001b[0m\u001b[1m\u001b[38;5;9mexpected an array with a fixed size of 4 elements, found one with 8 elements\u001b[0m\n\n"}
{"$message_type":"diagnostic","message":"aborting due to 24 previous errors","code":null,"level":"error","spans":[],"children":[],"rendered":"\u001b[0m\u001b[1m\u001b[38;5;9merror\u001b[0m\u001b[0m\u001b[1m: aborting due to 24 previous errors\u001b[0m\n\n"}
{"$message_type":"diagnostic","message":"Some errors have detailed explanations: E0277, E0308, E0432, E0599.","code":null,"level":"failure-note","spans":[],"children":[],"rendered":"\u001b[0m\u001b[1mSome errors have detailed explanations: E0277, E0308, E0432, E0599.\u001b[0m\n"}
{"$message_type":"diagnostic","message":"For more information about an error, try `rustc --explain E0277`.","code":null,"level":"failure-note","spans":[],"children":[],"rendered":"\u001b[0m\u001b[1mFor more information about an error, try `rustc --explain E0277`.\u001b[0m\n"}
